<?xml version="1.0" encoding="UTF-8"?>
<coverage generated="1780952571298" clover="3.2.0">
  <project timestamp="1780952571298" name="All files">
    <metrics statements="152" coveredstatements="138" conditionals="183" coveredconditionals="165" methods="42" coveredmethods="35" elements="377" coveredelements="338" complexity="0" loc="152" ncloc="152" packages="4" files="14" classes="14"/>
    <package name="src">
      <metrics statements="13" coveredstatements="0" conditionals="10" coveredconditionals="0" methods="7" coveredmethods="0"/>
      <file name="App.tsx" path="D:\popka\React-2026-Q2-RSSchool\forms\src\App.tsx">
        <metrics statements="12" coveredstatements="0" conditionals="10" coveredconditionals="0" methods="7" coveredmethods="0"/>
        <line num="11" count="0" type="stmt"/>
        <line num="12" count="0" type="stmt"/>
        <line num="14" count="0" type="stmt"/>
        <line num="15" count="0" type="stmt"/>
        <line num="17" count="0" type="stmt"/>
        <line num="18" count="0" type="stmt"/>
        <line num="19" count="0" type="stmt"/>
        <line num="22" count="0" type="stmt"/>
        <line num="33" count="0" type="stmt"/>
        <line num="41" count="0" type="stmt"/>
        <line num="58" count="0" type="stmt"/>
        <line num="136" count="0" type="stmt"/>
      </file>
      <file name="main.tsx" path="D:\popka\React-2026-Q2-RSSchool\forms\src\main.tsx">
        <metrics statements="1" coveredstatements="0" conditionals="0" coveredconditionals="0" methods="0" coveredmethods="0"/>
        <line num="10" count="0" type="stmt"/>
      </file>
    </package>
    <package name="src.components">
      <metrics statements="112" coveredstatements="111" conditionals="156" coveredconditionals="148" methods="26" coveredmethods="26"/>
      <file name="FormCheckbox.tsx" path="D:\popka\React-2026-Q2-RSSchool\forms\src\components\FormCheckbox.tsx">
        <metrics statements="3" coveredstatements="3" conditionals="10" coveredconditionals="10" methods="1" coveredmethods="1"/>
        <line num="5" count="1" type="stmt"/>
        <line num="14" count="52" type="cond" truecount="2" falsecount="0"/>
        <line num="18" count="52" type="stmt"/>
      </file>
      <file name="FormCountryAutocomplete.tsx" path="D:\popka\React-2026-Q2-RSSchool\forms\src\components\FormCountryAutocomplete.tsx">
        <metrics statements="8" coveredstatements="8" conditionals="19" coveredconditionals="19" methods="4" coveredmethods="4"/>
        <line num="5" count="1" type="stmt"/>
        <line num="16" count="52" type="cond" truecount="2" falsecount="0"/>
        <line num="20" count="52" type="cond" truecount="2" falsecount="0"/>
        <line num="22" count="52" type="cond" truecount="2" falsecount="0"/>
        <line num="24" count="162" type="stmt"/>
        <line num="28" count="52" type="stmt"/>
        <line num="46" count="10" type="stmt"/>
        <line num="49" count="4" type="stmt"/>
      </file>
      <file name="FormImageUpload.tsx" path="D:\popka\React-2026-Q2-RSSchool\forms\src\components\FormImageUpload.tsx">
        <metrics statements="3" coveredstatements="3" conditionals="2" coveredconditionals="2" methods="1" coveredmethods="1"/>
        <line num="5" count="1" type="stmt"/>
        <line num="12" count="52" type="cond" truecount="2" falsecount="0"/>
        <line num="16" count="52" type="stmt"/>
      </file>
      <file name="FormInput.tsx" path="D:\popka\React-2026-Q2-RSSchool\forms\src\components\FormInput.tsx">
        <metrics statements="7" coveredstatements="7" conditionals="21" coveredconditionals="21" methods="3" coveredmethods="3"/>
        <line num="7" count="2" type="stmt"/>
        <line num="19" count="266" type="stmt"/>
        <line num="21" count="266" type="cond" truecount="2" falsecount="0"/>
        <line num="25" count="266" type="stmt"/>
        <line num="26" count="266" type="cond" truecount="4" falsecount="0"/>
        <line num="28" count="266" type="stmt"/>
        <line num="54" count="1" type="stmt"/>
      </file>
      <file name="FormSelect.tsx" path="D:\popka\React-2026-Q2-RSSchool\forms\src\components\FormSelect.tsx">
        <metrics statements="3" coveredstatements="3" conditionals="8" coveredconditionals="8" methods="1" coveredmethods="1"/>
        <line num="5" count="1" type="stmt"/>
        <line num="14" count="52" type="cond" truecount="2" falsecount="0"/>
        <line num="18" count="52" type="stmt"/>
      </file>
      <file name="Modal.tsx" path="D:\popka\React-2026-Q2-RSSchool\forms\src\components\Modal.tsx">
        <metrics statements="13" coveredstatements="13" conditionals="8" coveredconditionals="6" methods="4" coveredmethods="4"/>
        <line num="7" count="1" type="stmt"/>
        <line num="8" count="4" type="stmt"/>
        <line num="10" count="4" type="stmt"/>
        <line num="11" count="4" type="cond" truecount="2" falsecount="0"/>
        <line num="12" count="3" type="stmt"/>
        <line num="16" count="4" type="cond" truecount="2" falsecount="0"/>
        <line num="18" count="3" type="stmt"/>
        <line num="19" count="1" type="cond" truecount="1" falsecount="1"/>
        <line num="20" count="1" type="stmt"/>
        <line num="24" count="3" type="stmt"/>
        <line num="25" count="1" type="cond" truecount="1" falsecount="1"/>
        <line num="26" count="1" type="stmt"/>
        <line num="30" count="3" type="stmt"/>
      </file>
      <file name="PasswordIndicator.tsx" path="D:\popka\React-2026-Q2-RSSchool\forms\src\components\PasswordIndicator.tsx">
        <metrics statements="3" coveredstatements="3" conditionals="16" coveredconditionals="16" methods="1" coveredmethods="1"/>
        <line num="5" count="1" type="stmt"/>
        <line num="6" count="52" type="stmt"/>
        <line num="8" count="52" type="stmt"/>
      </file>
      <file name="UnifiedForm.tsx" path="D:\popka\React-2026-Q2-RSSchool\forms\src\components\UnifiedForm.tsx">
        <metrics statements="72" coveredstatements="71" conditionals="72" coveredconditionals="66" methods="11" coveredmethods="11"/>
        <line num="14" count="1" type="stmt"/>
        <line num="18" count="52" type="stmt"/>
        <line num="27" count="52" type="stmt"/>
        <line num="44" count="52" type="stmt"/>
        <line num="49" count="52" type="stmt"/>
        <line num="51" count="52" type="stmt"/>
        <line num="52" count="52" type="stmt"/>
        <line num="53" count="52" type="stmt"/>
        <line num="54" count="52" type="stmt"/>
        <line num="56" count="52" type="stmt"/>
        <line num="57" count="52" type="stmt"/>
        <line num="58" count="52" type="stmt"/>
        <line num="59" count="52" type="stmt"/>
        <line num="60" count="52" type="stmt"/>
        <line num="61" count="52" type="stmt"/>
        <line num="62" count="52" type="stmt"/>
        <line num="64" count="52" type="stmt"/>
        <line num="65" count="7" type="stmt"/>
        <line num="66" count="7" type="cond" truecount="1" falsecount="1"/>
        <line num="68" count="7" type="stmt"/>
        <line num="69" count="7" type="stmt"/>
        <line num="71" count="7" type="cond" truecount="2" falsecount="0"/>
        <line num="72" count="3" type="cond" truecount="2" falsecount="0"/>
        <line num="73" count="1" type="stmt"/>
        <line num="77" count="1" type="stmt"/>
        <line num="78" count="1" type="stmt"/>
        <line num="80" count="2" type="cond" truecount="2" falsecount="0"/>
        <line num="81" count="1" type="stmt"/>
        <line num="85" count="1" type="stmt"/>
        <line num="86" count="1" type="stmt"/>
        <line num="88" count="1" type="stmt"/>
        <line num="90" count="4" type="cond" truecount="2" falsecount="0"/>
        <line num="91" count="1" type="stmt"/>
        <line num="95" count="1" type="stmt"/>
        <line num="97" count="3" type="cond" truecount="2" falsecount="0"/>
        <line num="98" count="1" type="stmt"/>
        <line num="99" count="1" type="stmt"/>
        <line num="101" count="2" type="stmt"/>
        <line num="102" count="2" type="stmt"/>
        <line num="103" count="2" type="stmt"/>
        <line num="104" count="2" type="stmt"/>
        <line num="108" count="3" type="stmt"/>
        <line num="109" count="3" type="stmt"/>
        <line num="110" count="3" type="cond" truecount="1" falsecount="1"/>
        <line num="111" count="3" type="cond" truecount="2" falsecount="0"/>
        <line num="112" count="1" type="stmt"/>
        <line num="114" count="2" type="stmt"/>
        <line num="118" count="3" type="stmt"/>
        <line num="121" count="52" type="stmt"/>
        <line num="122" count="3" type="stmt"/>
        <line num="123" count="3" type="stmt"/>
        <line num="124" count="3" type="stmt"/>
        <line num="137" count="3" type="stmt"/>
        <line num="138" count="3" type="cond" truecount="2" falsecount="0"/>
        <line num="139" count="1" type="stmt"/>
        <line num="140" count="1" type="stmt"/>
        <line num="141" count="9" type="stmt"/>
        <line num="142" count="9" type="cond" truecount="1" falsecount="1"/>
        <line num="143" count="9" type="stmt"/>
        <line num="146" count="1" type="stmt"/>
        <line num="148" count="2" type="stmt"/>
        <line num="149" count="2" type="stmt"/>
        <line num="153" count="52" type="stmt"/>
        <line num="222" count="6" type="cond" truecount="2" falsecount="0"/>
        <line num="223" count="2" type="stmt"/>
        <line num="225" count="4" type="stmt"/>
        <line num="254" count="2" type="cond" truecount="1" falsecount="1"/>
        <line num="255" count="0" type="stmt"/>
        <line num="257" count="2" type="stmt"/>
        <line num="261" count="4" type="cond" truecount="2" falsecount="0"/>
        <line num="262" count="2" type="stmt"/>
        <line num="264" count="2" type="stmt"/>
      </file>
    </package>
    <package name="src.store">
      <metrics statements="7" coveredstatements="7" conditionals="0" coveredconditionals="0" methods="2" coveredmethods="2"/>
      <file name="profileSlice.ts" path="D:\popka\React-2026-Q2-RSSchool\forms\src\store\profileSlice.ts">
        <metrics statements="4" coveredstatements="4" conditionals="0" coveredconditionals="0" methods="1" coveredmethods="1"/>
        <line num="9" count="2" type="stmt"/>
        <line num="13" count="2" type="stmt"/>
        <line num="18" count="1" type="stmt"/>
        <line num="23" count="2" type="stmt"/>
      </file>
      <file name="store.ts" path="D:\popka\React-2026-Q2-RSSchool\forms\src\store\store.ts">
        <metrics statements="3" coveredstatements="3" conditionals="0" coveredconditionals="0" methods="1" coveredmethods="1"/>
        <line num="10" count="1" type="stmt"/>
        <line num="19" count="1" type="stmt"/>
        <line num="20" count="1" type="stmt"/>
      </file>
    </package>
    <package name="src.utils">
      <metrics statements="20" coveredstatements="20" conditionals="17" coveredconditionals="17" methods="7" coveredmethods="7"/>
      <file name="FormHelpers.ts" path="D:\popka\React-2026-Q2-RSSchool\forms\src\utils\FormHelpers.ts">
        <metrics statements="11" coveredstatements="11" conditionals="13" coveredconditionals="13" methods="2" coveredmethods="2"/>
        <line num="1" count="3" type="stmt"/>
        <line num="2" count="54" type="stmt"/>
        <line num="10" count="3" type="stmt"/>
        <line num="11" count="30" type="cond" truecount="2" falsecount="0"/>
        <line num="12" count="11" type="stmt"/>
        <line num="13" count="11" type="cond" truecount="2" falsecount="0"/>
        <line num="15" count="8" type="stmt"/>
        <line num="16" count="8" type="cond" truecount="4" falsecount="0"/>
        <line num="17" count="6" type="cond" truecount="5" falsecount="0"/>
        <line num="18" count="2" type="stmt"/>
        <line num="20" count="4" type="stmt"/>
      </file>
      <file name="ValidationSchema.ts" path="D:\popka\React-2026-Q2-RSSchool\forms\src\utils\ValidationSchema.ts">
        <metrics statements="9" coveredstatements="9" conditionals="4" coveredconditionals="4" methods="5" coveredmethods="5"/>
        <line num="6" count="2" type="stmt"/>
        <line num="8" count="2" type="stmt"/>
        <line num="14" count="22" type="cond" truecount="2" falsecount="0"/>
        <line num="15" count="4" type="stmt"/>
        <line num="16" count="4" type="stmt"/>
        <line num="28" count="22" type="stmt"/>
        <line num="36" count="22" type="stmt"/>
        <line num="45" count="22" type="stmt"/>
        <line num="49" count="2" type="stmt"/>
      </file>
    </package>
  </project>
</coverage>
