{
  "D:\\popka\\React-2026-Q2-RSSchool\\forms\\src\\App.tsx": {
    "path": "D:\\popka\\React-2026-Q2-RSSchool\\forms\\src\\App.tsx",
    "statementMap": {
      "0": {
        "start": { "line": 11, "column": 13 },
        "end": { "line": 167, "column": null }
      },
      "1": {
        "start": { "line": 12, "column": 22 },
        "end": { "line": 12, "column": null }
      },
      "2": {
        "start": { "line": 13, "column": 26 },
        "end": { "line": 13, "column": null }
      },
      "3": {
        "start": { "line": 15, "column": 8 },
        "end": { "line": 15, "column": null }
      },
      "4": {
        "start": { "line": 16, "column": 8 },
        "end": { "line": 16, "column": null }
      },
      "5": {
        "start": { "line": 16, "column": 48 },
        "end": { "line": 16, "column": 73 }
      },
      "6": {
        "start": { "line": 18, "column": 8 },
        "end": { "line": 23, "column": null }
      },
      "7": {
        "start": { "line": 19, "column": 4 },
        "end": { "line": 19, "column": null }
      },
      "8": {
        "start": { "line": 20, "column": 21 },
        "end": { "line": 20, "column": null }
      },
      "9": {
        "start": { "line": 21, "column": 4 },
        "end": { "line": 21, "column": null }
      },
      "10": {
        "start": { "line": 22, "column": 4 },
        "end": { "line": 22, "column": null }
      },
      "11": {
        "start": { "line": 25, "column": 2 },
        "end": { "line": 32, "column": null }
      },
      "12": {
        "start": { "line": 26, "column": 4 },
        "end": { "line": 31, "column": null }
      },
      "13": {
        "start": { "line": 27, "column": 20 },
        "end": { "line": 29, "column": null }
      },
      "14": {
        "start": { "line": 28, "column": 8 },
        "end": { "line": 28, "column": null }
      },
      "15": {
        "start": { "line": 30, "column": 6 },
        "end": { "line": 30, "column": null }
      },
      "16": {
        "start": { "line": 30, "column": 19 },
        "end": { "line": 30, "column": null }
      },
      "17": {
        "start": { "line": 34, "column": 2 },
        "end": { "line": 165, "column": null }
      },
      "18": {
        "start": { "line": 45, "column": 25 },
        "end": { "line": 45, "column": null }
      },
      "19": {
        "start": { "line": 53, "column": 25 },
        "end": { "line": 53, "column": null }
      },
      "20": {
        "start": { "line": 70, "column": 32 },
        "end": { "line": 70, "column": null }
      },
      "21": {
        "start": { "line": 72, "column": 16 },
        "end": { "line": 72, "column": null }
      },
      "22": {
        "start": { "line": 73, "column": 37 },
        "end": { "line": 75, "column": null }
      },
      "23": {
        "start": { "line": 77, "column": 14 },
        "end": { "line": 136, "column": null }
      },
      "24": {
        "start": { "line": 156, "column": 23 },
        "end": { "line": 156, "column": null }
      }
    },
    "fnMap": {
      "0": {
        "name": "(anonymous_0)",
        "decl": {
          "start": { "line": 11, "column": 13 },
          "end": { "line": 11, "column": 25 }
        },
        "loc": {
          "start": { "line": 11, "column": 25 },
          "end": { "line": 167, "column": null }
        },
        "line": 11
      },
      "1": {
        "name": "(anonymous_1)",
        "decl": {
          "start": { "line": 16, "column": 22 },
          "end": { "line": 16, "column": 38 }
        },
        "loc": {
          "start": { "line": 16, "column": 48 },
          "end": { "line": 16, "column": 73 }
        },
        "line": 16
      },
      "2": {
        "name": "(anonymous_2)",
        "decl": {
          "start": { "line": 18, "column": 8 },
          "end": { "line": 18, "column": 32 }
        },
        "loc": {
          "start": { "line": 18, "column": 53 },
          "end": { "line": 23, "column": null }
        },
        "line": 18
      },
      "3": {
        "name": "(anonymous_3)",
        "decl": {
          "start": { "line": 25, "column": 2 },
          "end": { "line": 25, "column": 18 }
        },
        "loc": {
          "start": { "line": 25, "column": 18 },
          "end": { "line": 32, "column": 5 }
        },
        "line": 25
      },
      "4": {
        "name": "(anonymous_4)",
        "decl": {
          "start": { "line": 27, "column": 20 },
          "end": { "line": 27, "column": 37 }
        },
        "loc": {
          "start": { "line": 27, "column": 37 },
          "end": { "line": 29, "column": 9 }
        },
        "line": 27
      },
      "5": {
        "name": "(anonymous_5)",
        "decl": {
          "start": { "line": 30, "column": 6 },
          "end": { "line": 30, "column": 19 }
        },
        "loc": {
          "start": { "line": 30, "column": 19 },
          "end": { "line": 30, "column": null }
        },
        "line": 30
      },
      "6": {
        "name": "(anonymous_6)",
        "decl": {
          "start": { "line": 45, "column": 10 },
          "end": { "line": 45, "column": 25 }
        },
        "loc": {
          "start": { "line": 45, "column": 25 },
          "end": { "line": 45, "column": null }
        },
        "line": 45
      },
      "7": {
        "name": "(anonymous_7)",
        "decl": {
          "start": { "line": 53, "column": 10 },
          "end": { "line": 53, "column": 25 }
        },
        "loc": {
          "start": { "line": 53, "column": 25 },
          "end": { "line": 53, "column": null }
        },
        "line": 53
      },
      "8": {
        "name": "(anonymous_8)",
        "decl": {
          "start": { "line": 69, "column": 25 },
          "end": { "line": 69, "column": 30 }
        },
        "loc": {
          "start": { "line": 69, "column": 49 },
          "end": { "line": 138, "column": 13 }
        },
        "line": 69
      },
      "9": {
        "name": "(anonymous_9)",
        "decl": {
          "start": { "line": 156, "column": 8 },
          "end": { "line": 156, "column": 23 }
        },
        "loc": {
          "start": { "line": 156, "column": 23 },
          "end": { "line": 156, "column": null }
        },
        "line": 156
      }
    },
    "branchMap": {
      "0": {
        "loc": {
          "start": { "line": 26, "column": 4 },
          "end": { "line": 31, "column": null }
        },
        "type": "if",
        "locations": [
          {
            "start": { "line": 26, "column": 4 },
            "end": { "line": 31, "column": null }
          },
          { "start": {}, "end": {} }
        ],
        "line": 26
      },
      "1": {
        "loc": {
          "start": { "line": 67, "column": 9 },
          "end": { "line": 147, "column": null }
        },
        "type": "cond-expr",
        "locations": [
          {
            "start": { "line": 68, "column": 10 },
            "end": { "line": 141, "column": 11 }
          },
          {
            "start": { "line": 141, "column": 10 },
            "end": { "line": 147, "column": null }
          }
        ],
        "line": 67
      },
      "2": {
        "loc": {
          "start": { "line": 72, "column": 16 },
          "end": { "line": 72, "column": null }
        },
        "type": "binary-expr",
        "locations": [
          {
            "start": { "line": 72, "column": 16 },
            "end": { "line": 72, "column": 44 }
          },
          {
            "start": { "line": 72, "column": 44 },
            "end": { "line": 72, "column": null }
          }
        ],
        "line": 72
      },
      "3": {
        "loc": {
          "start": { "line": 73, "column": 37 },
          "end": { "line": 75, "column": null }
        },
        "type": "cond-expr",
        "locations": [
          {
            "start": { "line": 74, "column": 18 },
            "end": { "line": 74, "column": null }
          },
          {
            "start": { "line": 75, "column": 18 },
            "end": { "line": 75, "column": null }
          }
        ],
        "line": 73
      },
      "4": {
        "loc": {
          "start": { "line": 83, "column": 21 },
          "end": { "line": 96, "column": 21 }
        },
        "type": "cond-expr",
        "locations": [
          {
            "start": { "line": 84, "column": 22 },
            "end": { "line": 90, "column": 23 }
          },
          {
            "start": { "line": 90, "column": 22 },
            "end": { "line": 96, "column": 21 }
          }
        ],
        "line": 83
      },
      "5": {
        "loc": {
          "start": { "line": 91, "column": 25 },
          "end": { "line": 93, "column": null }
        },
        "type": "cond-expr",
        "locations": [
          {
            "start": { "line": 92, "column": 28 },
            "end": { "line": 92, "column": null }
          },
          {
            "start": { "line": 93, "column": 28 },
            "end": { "line": 93, "column": null }
          }
        ],
        "line": 91
      },
      "6": {
        "loc": {
          "start": { "line": 152, "column": 10 },
          "end": { "line": 154, "column": null }
        },
        "type": "cond-expr",
        "locations": [
          {
            "start": { "line": 153, "column": 14 },
            "end": { "line": 153, "column": null }
          },
          {
            "start": { "line": 154, "column": 14 },
            "end": { "line": 154, "column": null }
          }
        ],
        "line": 152
      },
      "7": {
        "loc": {
          "start": { "line": 158, "column": 9 },
          "end": { "line": 163, "column": null }
        },
        "type": "cond-expr",
        "locations": [
          {
            "start": { "line": 159, "column": 10 },
            "end": { "line": 163, "column": null }
          },
          {
            "start": { "line": 163, "column": 12 },
            "end": { "line": 163, "column": null }
          }
        ],
        "line": 158
      }
    },
    "s": {
      "0": 1,
      "1": 9,
      "2": 9,
      "3": 9,
      "4": 9,
      "5": 14,
      "6": 9,
      "7": 1,
      "8": 1,
      "9": 1,
      "10": 1,
      "11": 9,
      "12": 6,
      "13": 1,
      "14": 1,
      "15": 1,
      "16": 1,
      "17": 9,
      "18": 0,
      "19": 2,
      "20": 3,
      "21": 3,
      "22": 3,
      "23": 3,
      "24": 1
    },
    "f": {
      "0": 9,
      "1": 14,
      "2": 1,
      "3": 6,
      "4": 1,
      "5": 1,
      "6": 0,
      "7": 2,
      "8": 3,
      "9": 1
    },
    "b": {
      "0": [1, 5],
      "1": [3, 6],
      "2": [3, 1],
      "3": [1, 2],
      "4": [2, 1],
      "5": [1, 0],
      "6": [2, 7],
      "7": [2, 7]
    },
    "meta": {
      "lastBranch": 8,
      "lastFunction": 10,
      "lastStatement": 25,
      "seen": {
        "s:11:13:167:Infinity": 0,
        "f:11:13:11:25": 0,
        "s:12:22:12:Infinity": 1,
        "s:13:26:13:Infinity": 2,
        "s:15:8:15:Infinity": 3,
        "s:16:8:16:Infinity": 4,
        "f:16:22:16:38": 1,
        "s:16:48:16:73": 5,
        "s:18:8:23:Infinity": 6,
        "f:18:8:18:32": 2,
        "s:19:4:19:Infinity": 7,
        "s:20:21:20:Infinity": 8,
        "s:21:4:21:Infinity": 9,
        "s:22:4:22:Infinity": 10,
        "s:25:2:32:Infinity": 11,
        "f:25:2:25:18": 3,
        "b:26:4:31:Infinity:undefined:undefined:undefined:undefined": 0,
        "s:26:4:31:Infinity": 12,
        "s:27:20:29:Infinity": 13,
        "f:27:20:27:37": 4,
        "s:28:8:28:Infinity": 14,
        "s:30:6:30:Infinity": 15,
        "f:30:6:30:19": 5,
        "s:30:19:30:Infinity": 16,
        "s:34:2:165:Infinity": 17,
        "f:45:10:45:25": 6,
        "s:45:25:45:Infinity": 18,
        "f:53:10:53:25": 7,
        "s:53:25:53:Infinity": 19,
        "b:68:10:141:11:141:10:147:Infinity": 1,
        "f:69:25:69:30": 8,
        "s:70:32:70:Infinity": 20,
        "s:72:16:72:Infinity": 21,
        "b:72:16:72:44:72:44:72:Infinity": 2,
        "s:73:37:75:Infinity": 22,
        "b:74:18:74:Infinity:75:18:75:Infinity": 3,
        "s:77:14:136:Infinity": 23,
        "b:84:22:90:23:90:22:96:21": 4,
        "b:92:28:92:Infinity:93:28:93:Infinity": 5,
        "b:153:14:153:Infinity:154:14:154:Infinity": 6,
        "f:156:8:156:23": 9,
        "s:156:23:156:Infinity": 24,
        "b:159:10:163:Infinity:163:12:163:Infinity": 7
      }
    }
  },
  "D:\\popka\\React-2026-Q2-RSSchool\\forms\\src\\main.tsx": {
    "path": "D:\\popka\\React-2026-Q2-RSSchool\\forms\\src\\main.tsx",
    "statementMap": {
      "0": {
        "start": { "line": 10, "column": 0 },
        "end": { "line": 16, "column": null }
      }
    },
    "fnMap": {},
    "branchMap": {},
    "s": { "0": 1 },
    "f": {},
    "b": {},
    "meta": {
      "lastBranch": 0,
      "lastFunction": 0,
      "lastStatement": 1,
      "seen": { "s:10:0:16:Infinity": 0 }
    }
  },
  "D:\\popka\\React-2026-Q2-RSSchool\\forms\\src\\components\\FormCheckbox.tsx": {
    "path": "D:\\popka\\React-2026-Q2-RSSchool\\forms\\src\\components\\FormCheckbox.tsx",
    "statementMap": {
      "0": {
        "start": { "line": 5, "column": 13 },
        "end": { "line": 40, "column": null }
      },
      "1": {
        "start": { "line": 14, "column": 27 },
        "end": { "line": 16, "column": null }
      },
      "2": {
        "start": { "line": 18, "column": 2 },
        "end": { "line": 38, "column": null }
      }
    },
    "fnMap": {
      "0": {
        "name": "(anonymous_0)",
        "decl": {
          "start": { "line": 5, "column": 13 },
          "end": { "line": 5, "column": 52 }
        },
        "loc": {
          "start": { "line": 13, "column": 28 },
          "end": { "line": 40, "column": null }
        },
        "line": 13
      }
    },
    "branchMap": {
      "0": {
        "loc": {
          "start": { "line": 14, "column": 27 },
          "end": { "line": 16, "column": null }
        },
        "type": "cond-expr",
        "locations": [
          {
            "start": { "line": 15, "column": 6 },
            "end": { "line": 15, "column": null }
          },
          {
            "start": { "line": 16, "column": 6 },
            "end": { "line": 16, "column": null }
          }
        ],
        "line": 14
      },
      "1": {
        "loc": {
          "start": { "line": 25, "column": 17 },
          "end": { "line": 25, "column": null }
        },
        "type": "cond-expr",
        "locations": [
          {
            "start": { "line": 25, "column": 25 },
            "end": { "line": 25, "column": 37 }
          },
          {
            "start": { "line": 25, "column": 37 },
            "end": { "line": 25, "column": null }
          }
        ],
        "line": 25
      },
      "2": {
        "loc": {
          "start": { "line": 26, "column": 17 },
          "end": { "line": 26, "column": null }
        },
        "type": "cond-expr",
        "locations": [
          {
            "start": { "line": 26, "column": 37 },
            "end": { "line": 26, "column": 54 }
          },
          {
            "start": { "line": 26, "column": 54 },
            "end": { "line": 26, "column": null }
          }
        ],
        "line": 26
      },
      "3": {
        "loc": {
          "start": { "line": 26, "column": 17 },
          "end": { "line": 26, "column": 37 }
        },
        "type": "binary-expr",
        "locations": [
          {
            "start": { "line": 26, "column": 17 },
            "end": { "line": 26, "column": 26 }
          },
          {
            "start": { "line": 26, "column": 26 },
            "end": { "line": 26, "column": 37 }
          }
        ],
        "line": 26
      },
      "4": {
        "loc": {
          "start": { "line": 37, "column": 54 },
          "end": { "line": 37, "column": 71 }
        },
        "type": "binary-expr",
        "locations": [
          {
            "start": { "line": 37, "column": 54 },
            "end": { "line": 37, "column": 63 }
          },
          {
            "start": { "line": 37, "column": 63 },
            "end": { "line": 37, "column": 71 }
          }
        ],
        "line": 37
      }
    },
    "s": { "0": 1, "1": 53, "2": 53 },
    "f": { "0": 53 },
    "b": {
      "0": [26, 27],
      "1": [26, 27],
      "2": [26, 27],
      "3": [53, 26],
      "4": [53, 51]
    },
    "meta": {
      "lastBranch": 5,
      "lastFunction": 1,
      "lastStatement": 3,
      "seen": {
        "s:5:13:40:Infinity": 0,
        "f:5:13:5:52": 0,
        "s:14:27:16:Infinity": 1,
        "b:15:6:15:Infinity:16:6:16:Infinity": 0,
        "s:18:2:38:Infinity": 2,
        "b:25:25:25:37:25:37:25:Infinity": 1,
        "b:26:37:26:54:26:54:26:Infinity": 2,
        "b:26:17:26:26:26:26:26:37": 3,
        "b:37:54:37:63:37:63:37:71": 4
      }
    }
  },
  "D:\\popka\\React-2026-Q2-RSSchool\\forms\\src\\components\\FormCountryAutocomplete.tsx": {
    "path": "D:\\popka\\React-2026-Q2-RSSchool\\forms\\src\\components\\FormCountryAutocomplete.tsx",
    "statementMap": {
      "0": {
        "start": { "line": 5, "column": 13 },
        "end": { "line": 59, "column": null }
      },
      "1": {
        "start": { "line": 16, "column": 27 },
        "end": { "line": 18, "column": null }
      },
      "2": {
        "start": { "line": 20, "column": 27 },
        "end": { "line": 20, "column": null }
      },
      "3": {
        "start": { "line": 22, "column": 28 },
        "end": { "line": 26, "column": null }
      },
      "4": {
        "start": { "line": 24, "column": 8 },
        "end": { "line": 24, "column": null }
      },
      "5": {
        "start": { "line": 28, "column": 2 },
        "end": { "line": 57, "column": null }
      },
      "6": {
        "start": { "line": 46, "column": 12 },
        "end": { "line": 52, "column": null }
      },
      "7": {
        "start": { "line": 49, "column": 29 },
        "end": { "line": 49, "column": null }
      }
    },
    "fnMap": {
      "0": {
        "name": "(anonymous_0)",
        "decl": {
          "start": { "line": 5, "column": 13 },
          "end": { "line": 5, "column": 63 }
        },
        "loc": {
          "start": { "line": 15, "column": 39 },
          "end": { "line": 59, "column": null }
        },
        "line": 15
      },
      "1": {
        "name": "(anonymous_1)",
        "decl": {
          "start": { "line": 23, "column": 39 },
          "end": { "line": 23, "column": 47 }
        },
        "loc": {
          "start": { "line": 24, "column": 8 },
          "end": { "line": 24, "column": null }
        },
        "line": 24
      },
      "2": {
        "name": "(anonymous_2)",
        "decl": {
          "start": { "line": 45, "column": 29 },
          "end": { "line": 45, "column": 34 }
        },
        "loc": {
          "start": { "line": 46, "column": 12 },
          "end": { "line": 52, "column": null }
        },
        "line": 46
      },
      "3": {
        "name": "(anonymous_3)",
        "decl": {
          "start": { "line": 49, "column": 14 },
          "end": { "line": 49, "column": 29 }
        },
        "loc": {
          "start": { "line": 49, "column": 29 },
          "end": { "line": 49, "column": null }
        },
        "line": 49
      }
    },
    "branchMap": {
      "0": {
        "loc": {
          "start": { "line": 16, "column": 27 },
          "end": { "line": 18, "column": null }
        },
        "type": "cond-expr",
        "locations": [
          {
            "start": { "line": 17, "column": 6 },
            "end": { "line": 17, "column": null }
          },
          {
            "start": { "line": 18, "column": 6 },
            "end": { "line": 18, "column": null }
          }
        ],
        "line": 16
      },
      "1": {
        "loc": {
          "start": { "line": 20, "column": 27 },
          "end": { "line": 20, "column": null }
        },
        "type": "cond-expr",
        "locations": [
          {
            "start": { "line": 20, "column": 35 },
            "end": { "line": 20, "column": 59 }
          },
          {
            "start": { "line": 20, "column": 59 },
            "end": { "line": 20, "column": null }
          }
        ],
        "line": 20
      },
      "2": {
        "loc": {
          "start": { "line": 22, "column": 28 },
          "end": { "line": 26, "column": null }
        },
        "type": "cond-expr",
        "locations": [
          {
            "start": { "line": 23, "column": 7 },
            "end": { "line": 25, "column": null }
          },
          {
            "start": { "line": 26, "column": 6 },
            "end": { "line": 26, "column": null }
          }
        ],
        "line": 22
      },
      "3": {
        "loc": {
          "start": { "line": 36, "column": 15 },
          "end": { "line": 36, "column": null }
        },
        "type": "cond-expr",
        "locations": [
          {
            "start": { "line": 36, "column": 23 },
            "end": { "line": 36, "column": 35 }
          },
          {
            "start": { "line": 36, "column": 35 },
            "end": { "line": 36, "column": null }
          }
        ],
        "line": 36
      },
      "4": {
        "loc": {
          "start": { "line": 37, "column": 18 },
          "end": { "line": 37, "column": null }
        },
        "type": "cond-expr",
        "locations": [
          {
            "start": { "line": 37, "column": 26 },
            "end": { "line": 37, "column": 38 }
          },
          {
            "start": { "line": 37, "column": 38 },
            "end": { "line": 37, "column": null }
          }
        ],
        "line": 37
      },
      "5": {
        "loc": {
          "start": { "line": 38, "column": 13 },
          "end": { "line": 38, "column": null }
        },
        "type": "cond-expr",
        "locations": [
          {
            "start": { "line": 38, "column": 33 },
            "end": { "line": 38, "column": 50 }
          },
          {
            "start": { "line": 38, "column": 50 },
            "end": { "line": 38, "column": null }
          }
        ],
        "line": 38
      },
      "6": {
        "loc": {
          "start": { "line": 38, "column": 13 },
          "end": { "line": 38, "column": 33 }
        },
        "type": "binary-expr",
        "locations": [
          {
            "start": { "line": 38, "column": 13 },
            "end": { "line": 38, "column": 22 }
          },
          {
            "start": { "line": 38, "column": 22 },
            "end": { "line": 38, "column": 33 }
          }
        ],
        "line": 38
      },
      "7": {
        "loc": {
          "start": { "line": 41, "column": 7 },
          "end": { "line": 55, "column": null }
        },
        "type": "cond-expr",
        "locations": [
          {
            "start": { "line": 44, "column": 8 },
            "end": { "line": 55, "column": null }
          },
          {
            "start": { "line": 55, "column": 10 },
            "end": { "line": 55, "column": null }
          }
        ],
        "line": 41
      },
      "8": {
        "loc": {
          "start": { "line": 41, "column": 7 },
          "end": { "line": 43, "column": null }
        },
        "type": "binary-expr",
        "locations": [
          {
            "start": { "line": 41, "column": 7 },
            "end": { "line": 41, "column": null }
          },
          {
            "start": { "line": 42, "column": 6 },
            "end": { "line": 42, "column": null }
          },
          {
            "start": { "line": 43, "column": 6 },
            "end": { "line": 43, "column": null }
          }
        ],
        "line": 41
      }
    },
    "s": {
      "0": 1,
      "1": 53,
      "2": 53,
      "3": 53,
      "4": 324,
      "5": 53,
      "6": 10,
      "7": 4
    },
    "f": { "0": 53, "1": 324, "2": 10, "3": 4 },
    "b": {
      "0": [26, 27],
      "1": [26, 27],
      "2": [18, 35],
      "3": [26, 27],
      "4": [26, 27],
      "5": [26, 27],
      "6": [53, 26],
      "7": [6, 47],
      "8": [53, 18, 6]
    },
    "meta": {
      "lastBranch": 9,
      "lastFunction": 4,
      "lastStatement": 8,
      "seen": {
        "s:5:13:59:Infinity": 0,
        "f:5:13:5:63": 0,
        "s:16:27:18:Infinity": 1,
        "b:17:6:17:Infinity:18:6:18:Infinity": 0,
        "s:20:27:20:Infinity": 2,
        "b:20:35:20:59:20:59:20:Infinity": 1,
        "s:22:28:26:Infinity": 3,
        "b:23:7:25:Infinity:26:6:26:Infinity": 2,
        "f:23:39:23:47": 1,
        "s:24:8:24:Infinity": 4,
        "s:28:2:57:Infinity": 5,
        "b:36:23:36:35:36:35:36:Infinity": 3,
        "b:37:26:37:38:37:38:37:Infinity": 4,
        "b:38:33:38:50:38:50:38:Infinity": 5,
        "b:38:13:38:22:38:22:38:33": 6,
        "b:44:8:55:Infinity:55:10:55:Infinity": 7,
        "b:41:7:41:Infinity:42:6:42:Infinity:43:6:43:Infinity": 8,
        "f:45:29:45:34": 2,
        "s:46:12:52:Infinity": 6,
        "f:49:14:49:29": 3,
        "s:49:29:49:Infinity": 7
      }
    }
  },
  "D:\\popka\\React-2026-Q2-RSSchool\\forms\\src\\components\\FormImageUpload.tsx": {
    "path": "D:\\popka\\React-2026-Q2-RSSchool\\forms\\src\\components\\FormImageUpload.tsx",
    "statementMap": {
      "0": {
        "start": { "line": 5, "column": 13 },
        "end": { "line": 36, "column": null }
      },
      "1": {
        "start": { "line": 12, "column": 26 },
        "end": { "line": 14, "column": null }
      },
      "2": {
        "start": { "line": 16, "column": 2 },
        "end": { "line": 34, "column": null }
      }
    },
    "fnMap": {
      "0": {
        "name": "(anonymous_0)",
        "decl": {
          "start": { "line": 5, "column": 13 },
          "end": { "line": 5, "column": 55 }
        },
        "loc": {
          "start": { "line": 11, "column": 31 },
          "end": { "line": 36, "column": null }
        },
        "line": 11
      }
    },
    "branchMap": {
      "0": {
        "loc": {
          "start": { "line": 12, "column": 26 },
          "end": { "line": 14, "column": null }
        },
        "type": "cond-expr",
        "locations": [
          {
            "start": { "line": 13, "column": 6 },
            "end": { "line": 13, "column": null }
          },
          {
            "start": { "line": 14, "column": 6 },
            "end": { "line": 14, "column": null }
          }
        ],
        "line": 12
      }
    },
    "s": { "0": 1, "1": 53, "2": 53 },
    "f": { "0": 53 },
    "b": { "0": [26, 27] },
    "meta": {
      "lastBranch": 1,
      "lastFunction": 1,
      "lastStatement": 3,
      "seen": {
        "s:5:13:36:Infinity": 0,
        "f:5:13:5:55": 0,
        "s:12:26:14:Infinity": 1,
        "b:13:6:13:Infinity:14:6:14:Infinity": 0,
        "s:16:2:34:Infinity": 2
      }
    }
  },
  "D:\\popka\\React-2026-Q2-RSSchool\\forms\\src\\components\\FormInput.tsx": {
    "path": "D:\\popka\\React-2026-Q2-RSSchool\\forms\\src\\components\\FormInput.tsx",
    "statementMap": {
      "0": {
        "start": { "line": 7, "column": 13 },
        "end": { "line": 81, "column": null }
      },
      "1": {
        "start": { "line": 19, "column": 28 },
        "end": { "line": 19, "column": null }
      },
      "2": {
        "start": { "line": 21, "column": 27 },
        "end": { "line": 23, "column": null }
      },
      "3": {
        "start": { "line": 25, "column": 26 },
        "end": { "line": 25, "column": null }
      },
      "4": {
        "start": { "line": 26, "column": 27 },
        "end": { "line": 26, "column": null }
      },
      "5": {
        "start": { "line": 28, "column": 19 },
        "end": { "line": 28, "column": null }
      },
      "6": {
        "start": { "line": 30, "column": 8 },
        "end": { "line": 37, "column": null }
      },
      "7": {
        "start": { "line": 31, "column": 4 },
        "end": { "line": 33, "column": null }
      },
      "8": {
        "start": { "line": 32, "column": 6 },
        "end": { "line": 32, "column": null }
      },
      "9": {
        "start": { "line": 34, "column": 4 },
        "end": { "line": 36, "column": null }
      },
      "10": {
        "start": { "line": 35, "column": 6 },
        "end": { "line": 35, "column": null }
      },
      "11": {
        "start": { "line": 39, "column": 2 },
        "end": { "line": 79, "column": null }
      },
      "12": {
        "start": { "line": 65, "column": 27 },
        "end": { "line": 65, "column": null }
      },
      "13": {
        "start": { "line": 65, "column": 58 },
        "end": { "line": 65, "column": 63 }
      }
    },
    "fnMap": {
      "0": {
        "name": "(anonymous_0)",
        "decl": {
          "start": { "line": 7, "column": 13 },
          "end": { "line": 7, "column": 49 }
        },
        "loc": {
          "start": { "line": 18, "column": 25 },
          "end": { "line": 81, "column": null }
        },
        "line": 18
      },
      "1": {
        "name": "(anonymous_1)",
        "decl": {
          "start": { "line": 30, "column": 8 },
          "end": { "line": 30, "column": 29 }
        },
        "loc": {
          "start": { "line": 30, "column": 72 },
          "end": { "line": 37, "column": null }
        },
        "line": 30
      },
      "2": {
        "name": "(anonymous_2)",
        "decl": {
          "start": { "line": 65, "column": 12 },
          "end": { "line": 65, "column": 27 }
        },
        "loc": {
          "start": { "line": 65, "column": 27 },
          "end": { "line": 65, "column": null }
        },
        "line": 65
      },
      "3": {
        "name": "(anonymous_3)",
        "decl": {
          "start": { "line": 65, "column": 27 },
          "end": { "line": 65, "column": 49 }
        },
        "loc": {
          "start": { "line": 65, "column": 58 },
          "end": { "line": 65, "column": 63 }
        },
        "line": 65
      }
    },
    "branchMap": {
      "0": {
        "loc": {
          "start": { "line": 10, "column": 2 },
          "end": { "line": 10, "column": null }
        },
        "type": "default-arg",
        "locations": [
          {
            "start": { "line": 10, "column": 9 },
            "end": { "line": 10, "column": null }
          }
        ],
        "line": 10
      },
      "1": {
        "loc": {
          "start": { "line": 21, "column": 27 },
          "end": { "line": 23, "column": null }
        },
        "type": "cond-expr",
        "locations": [
          {
            "start": { "line": 22, "column": 6 },
            "end": { "line": 22, "column": null }
          },
          {
            "start": { "line": 23, "column": 6 },
            "end": { "line": 23, "column": null }
          }
        ],
        "line": 21
      },
      "2": {
        "loc": {
          "start": { "line": 26, "column": 27 },
          "end": { "line": 26, "column": null }
        },
        "type": "cond-expr",
        "locations": [
          {
            "start": { "line": 26, "column": 66 },
            "end": { "line": 26, "column": 75 }
          },
          {
            "start": { "line": 26, "column": 75 },
            "end": { "line": 26, "column": null }
          }
        ],
        "line": 26
      },
      "3": {
        "loc": {
          "start": { "line": 26, "column": 27 },
          "end": { "line": 26, "column": 66 }
        },
        "type": "binary-expr",
        "locations": [
          {
            "start": { "line": 26, "column": 27 },
            "end": { "line": 26, "column": 46 }
          },
          {
            "start": { "line": 26, "column": 46 },
            "end": { "line": 26, "column": 66 }
          }
        ],
        "line": 26
      },
      "4": {
        "loc": {
          "start": { "line": 28, "column": 19 },
          "end": { "line": 28, "column": null }
        },
        "type": "cond-expr",
        "locations": [
          {
            "start": { "line": 28, "column": 39 },
            "end": { "line": 28, "column": 75 }
          },
          {
            "start": { "line": 28, "column": 75 },
            "end": { "line": 28, "column": null }
          }
        ],
        "line": 28
      },
      "5": {
        "loc": {
          "start": { "line": 28, "column": 19 },
          "end": { "line": 28, "column": 39 }
        },
        "type": "binary-expr",
        "locations": [
          {
            "start": { "line": 28, "column": 19 },
            "end": { "line": 28, "column": 28 }
          },
          {
            "start": { "line": 28, "column": 28 },
            "end": { "line": 28, "column": 39 }
          }
        ],
        "line": 28
      },
      "6": {
        "loc": {
          "start": { "line": 31, "column": 4 },
          "end": { "line": 33, "column": null }
        },
        "type": "if",
        "locations": [
          {
            "start": { "line": 31, "column": 4 },
            "end": { "line": 33, "column": null }
          },
          { "start": {}, "end": {} }
        ],
        "line": 31
      },
      "7": {
        "loc": {
          "start": { "line": 34, "column": 4 },
          "end": { "line": 36, "column": null }
        },
        "type": "if",
        "locations": [
          {
            "start": { "line": 34, "column": 4 },
            "end": { "line": 36, "column": null }
          },
          { "start": {}, "end": {} }
        ],
        "line": 34
      },
      "8": {
        "loc": {
          "start": { "line": 50, "column": 15 },
          "end": { "line": 50, "column": null }
        },
        "type": "binary-expr",
        "locations": [
          {
            "start": { "line": 50, "column": 15 },
            "end": { "line": 50, "column": 27 }
          },
          {
            "start": { "line": 50, "column": 27 },
            "end": { "line": 50, "column": null }
          }
        ],
        "line": 50
      },
      "9": {
        "loc": {
          "start": { "line": 51, "column": 15 },
          "end": { "line": 51, "column": null }
        },
        "type": "cond-expr",
        "locations": [
          {
            "start": { "line": 51, "column": 35 },
            "end": { "line": 51, "column": 50 }
          },
          {
            "start": { "line": 51, "column": 50 },
            "end": { "line": 51, "column": null }
          }
        ],
        "line": 51
      },
      "10": {
        "loc": {
          "start": { "line": 51, "column": 15 },
          "end": { "line": 51, "column": 35 }
        },
        "type": "binary-expr",
        "locations": [
          {
            "start": { "line": 51, "column": 15 },
            "end": { "line": 51, "column": 24 }
          },
          {
            "start": { "line": 51, "column": 24 },
            "end": { "line": 51, "column": 35 }
          }
        ],
        "line": 51
      },
      "11": {
        "loc": {
          "start": { "line": 53, "column": 12 },
          "end": { "line": 53, "column": null }
        },
        "type": "cond-expr",
        "locations": [
          {
            "start": { "line": 53, "column": 30 },
            "end": { "line": 53, "column": 40 }
          },
          {
            "start": { "line": 53, "column": 40 },
            "end": { "line": 53, "column": null }
          }
        ],
        "line": 53
      },
      "12": {
        "loc": {
          "start": { "line": 60, "column": 9 },
          "end": { "line": 73, "column": null }
        },
        "type": "cond-expr",
        "locations": [
          {
            "start": { "line": 61, "column": 10 },
            "end": { "line": 73, "column": null }
          },
          {
            "start": { "line": 73, "column": 12 },
            "end": { "line": 73, "column": null }
          }
        ],
        "line": 60
      },
      "13": {
        "loc": {
          "start": { "line": 62, "column": 24 },
          "end": { "line": 62, "column": null }
        },
        "type": "cond-expr",
        "locations": [
          {
            "start": { "line": 62, "column": 44 },
            "end": { "line": 62, "column": 62 }
          },
          {
            "start": { "line": 62, "column": 62 },
            "end": { "line": 62, "column": null }
          }
        ],
        "line": 62
      },
      "14": {
        "loc": {
          "start": { "line": 67, "column": 13 },
          "end": { "line": 70, "column": null }
        },
        "type": "cond-expr",
        "locations": [
          {
            "start": { "line": 68, "column": 14 },
            "end": { "line": 70, "column": 15 }
          },
          {
            "start": { "line": 70, "column": 14 },
            "end": { "line": 70, "column": null }
          }
        ],
        "line": 67
      }
    },
    "s": {
      "0": 2,
      "1": 271,
      "2": 271,
      "3": 271,
      "4": 271,
      "5": 271,
      "6": 271,
      "7": 22,
      "8": 7,
      "9": 22,
      "10": 10,
      "11": 271,
      "12": 1,
      "13": 1
    },
    "f": { "0": 271, "1": 22, "2": 1, "3": 1 },
    "b": {
      "0": [271],
      "1": [131, 140],
      "2": [1, 270],
      "3": [271, 108],
      "4": [131, 140],
      "5": [271, 131],
      "6": [7, 15],
      "7": [10, 12],
      "8": [271, 140],
      "9": [131, 140],
      "10": [271, 131],
      "11": [108, 163],
      "12": [108, 163],
      "13": [1, 107],
      "14": [1, 107]
    },
    "meta": {
      "lastBranch": 15,
      "lastFunction": 4,
      "lastStatement": 14,
      "seen": {
        "s:7:13:81:Infinity": 0,
        "f:7:13:7:49": 0,
        "b:10:9:10:Infinity": 0,
        "s:19:28:19:Infinity": 1,
        "s:21:27:23:Infinity": 2,
        "b:22:6:22:Infinity:23:6:23:Infinity": 1,
        "s:25:26:25:Infinity": 3,
        "s:26:27:26:Infinity": 4,
        "b:26:66:26:75:26:75:26:Infinity": 2,
        "b:26:27:26:46:26:46:26:66": 3,
        "s:28:19:28:Infinity": 5,
        "b:28:39:28:75:28:75:28:Infinity": 4,
        "b:28:19:28:28:28:28:28:39": 5,
        "s:30:8:37:Infinity": 6,
        "f:30:8:30:29": 1,
        "b:31:4:33:Infinity:undefined:undefined:undefined:undefined": 6,
        "s:31:4:33:Infinity": 7,
        "s:32:6:32:Infinity": 8,
        "b:34:4:36:Infinity:undefined:undefined:undefined:undefined": 7,
        "s:34:4:36:Infinity": 9,
        "s:35:6:35:Infinity": 10,
        "s:39:2:79:Infinity": 11,
        "b:50:15:50:27:50:27:50:Infinity": 8,
        "b:51:35:51:50:51:50:51:Infinity": 9,
        "b:51:15:51:24:51:24:51:35": 10,
        "b:53:30:53:40:53:40:53:Infinity": 11,
        "b:61:10:73:Infinity:73:12:73:Infinity": 12,
        "b:62:44:62:62:62:62:62:Infinity": 13,
        "f:65:12:65:27": 2,
        "s:65:27:65:Infinity": 12,
        "f:65:27:65:49": 3,
        "s:65:58:65:63": 13,
        "b:68:14:70:15:70:14:70:Infinity": 14
      }
    }
  },
  "D:\\popka\\React-2026-Q2-RSSchool\\forms\\src\\components\\FormSelect.tsx": {
    "path": "D:\\popka\\React-2026-Q2-RSSchool\\forms\\src\\components\\FormSelect.tsx",
    "statementMap": {
      "0": {
        "start": { "line": 5, "column": 13 },
        "end": { "line": 47, "column": null }
      },
      "1": {
        "start": { "line": 14, "column": 27 },
        "end": { "line": 16, "column": null }
      },
      "2": {
        "start": { "line": 18, "column": 2 },
        "end": { "line": 45, "column": null }
      }
    },
    "fnMap": {
      "0": {
        "name": "(anonymous_0)",
        "decl": {
          "start": { "line": 5, "column": 13 },
          "end": { "line": 5, "column": 50 }
        },
        "loc": {
          "start": { "line": 13, "column": 26 },
          "end": { "line": 47, "column": null }
        },
        "line": 13
      }
    },
    "branchMap": {
      "0": {
        "loc": {
          "start": { "line": 14, "column": 27 },
          "end": { "line": 16, "column": null }
        },
        "type": "cond-expr",
        "locations": [
          {
            "start": { "line": 15, "column": 6 },
            "end": { "line": 15, "column": null }
          },
          {
            "start": { "line": 16, "column": 6 },
            "end": { "line": 16, "column": null }
          }
        ],
        "line": 14
      },
      "1": {
        "loc": {
          "start": { "line": 27, "column": 13 },
          "end": { "line": 27, "column": null }
        },
        "type": "cond-expr",
        "locations": [
          {
            "start": { "line": 27, "column": 21 },
            "end": { "line": 27, "column": 33 }
          },
          {
            "start": { "line": 27, "column": 33 },
            "end": { "line": 27, "column": null }
          }
        ],
        "line": 27
      },
      "2": {
        "loc": {
          "start": { "line": 29, "column": 13 },
          "end": { "line": 29, "column": null }
        },
        "type": "cond-expr",
        "locations": [
          {
            "start": { "line": 29, "column": 33 },
            "end": { "line": 29, "column": 50 }
          },
          {
            "start": { "line": 29, "column": 50 },
            "end": { "line": 29, "column": null }
          }
        ],
        "line": 29
      },
      "3": {
        "loc": {
          "start": { "line": 29, "column": 13 },
          "end": { "line": 29, "column": 33 }
        },
        "type": "binary-expr",
        "locations": [
          {
            "start": { "line": 29, "column": 13 },
            "end": { "line": 29, "column": 22 }
          },
          {
            "start": { "line": 29, "column": 22 },
            "end": { "line": 29, "column": 33 }
          }
        ],
        "line": 29
      }
    },
    "s": { "0": 1, "1": 53, "2": 53 },
    "f": { "0": 53 },
    "b": { "0": [26, 27], "1": [26, 27], "2": [26, 27], "3": [53, 26] },
    "meta": {
      "lastBranch": 4,
      "lastFunction": 1,
      "lastStatement": 3,
      "seen": {
        "s:5:13:47:Infinity": 0,
        "f:5:13:5:50": 0,
        "s:14:27:16:Infinity": 1,
        "b:15:6:15:Infinity:16:6:16:Infinity": 0,
        "s:18:2:45:Infinity": 2,
        "b:27:21:27:33:27:33:27:Infinity": 1,
        "b:29:33:29:50:29:50:29:Infinity": 2,
        "b:29:13:29:22:29:22:29:33": 3
      }
    }
  },
  "D:\\popka\\React-2026-Q2-RSSchool\\forms\\src\\components\\Modal.tsx": {
    "path": "D:\\popka\\React-2026-Q2-RSSchool\\forms\\src\\components\\Modal.tsx",
    "statementMap": {
      "0": {
        "start": { "line": 7, "column": 13 },
        "end": { "line": 61, "column": null }
      },
      "1": {
        "start": { "line": 8, "column": 8 },
        "end": { "line": 8, "column": null }
      },
      "2": {
        "start": { "line": 10, "column": 2 },
        "end": { "line": 14, "column": null }
      },
      "3": {
        "start": { "line": 11, "column": 4 },
        "end": { "line": 13, "column": null }
      },
      "4": {
        "start": { "line": 12, "column": 6 },
        "end": { "line": 12, "column": null }
      },
      "5": {
        "start": { "line": 16, "column": 2 },
        "end": { "line": 16, "column": null }
      },
      "6": {
        "start": { "line": 16, "column": 15 },
        "end": { "line": 16, "column": null }
      },
      "7": {
        "start": { "line": 18, "column": 8 },
        "end": { "line": 22, "column": null }
      },
      "8": {
        "start": { "line": 19, "column": 4 },
        "end": { "line": 21, "column": null }
      },
      "9": {
        "start": { "line": 20, "column": 6 },
        "end": { "line": 20, "column": null }
      },
      "10": {
        "start": { "line": 24, "column": 8 },
        "end": { "line": 28, "column": null }
      },
      "11": {
        "start": { "line": 25, "column": 4 },
        "end": { "line": 27, "column": null }
      },
      "12": {
        "start": { "line": 26, "column": 6 },
        "end": { "line": 26, "column": null }
      },
      "13": {
        "start": { "line": 30, "column": 2 },
        "end": { "line": 60, "column": null }
      }
    },
    "fnMap": {
      "0": {
        "name": "(anonymous_0)",
        "decl": {
          "start": { "line": 7, "column": 13 },
          "end": { "line": 7, "column": 22 }
        },
        "loc": {
          "start": { "line": 7, "column": 75 },
          "end": { "line": 61, "column": null }
        },
        "line": 7
      },
      "1": {
        "name": "(anonymous_1)",
        "decl": {
          "start": { "line": 10, "column": 2 },
          "end": { "line": 10, "column": 18 }
        },
        "loc": {
          "start": { "line": 10, "column": 18 },
          "end": { "line": 14, "column": 5 }
        },
        "line": 10
      },
      "2": {
        "name": "(anonymous_2)",
        "decl": {
          "start": { "line": 18, "column": 8 },
          "end": { "line": 18, "column": 25 }
        },
        "loc": {
          "start": { "line": 18, "column": 68 },
          "end": { "line": 22, "column": null }
        },
        "line": 18
      },
      "3": {
        "name": "(anonymous_3)",
        "decl": {
          "start": { "line": 24, "column": 8 },
          "end": { "line": 24, "column": 30 }
        },
        "loc": {
          "start": { "line": 24, "column": 70 },
          "end": { "line": 28, "column": null }
        },
        "line": 24
      }
    },
    "branchMap": {
      "0": {
        "loc": {
          "start": { "line": 11, "column": 4 },
          "end": { "line": 13, "column": null }
        },
        "type": "if",
        "locations": [
          {
            "start": { "line": 11, "column": 4 },
            "end": { "line": 13, "column": null }
          },
          { "start": {}, "end": {} }
        ],
        "line": 11
      },
      "1": {
        "loc": {
          "start": { "line": 16, "column": 2 },
          "end": { "line": 16, "column": null }
        },
        "type": "if",
        "locations": [
          {
            "start": { "line": 16, "column": 2 },
            "end": { "line": 16, "column": null }
          },
          { "start": {}, "end": {} }
        ],
        "line": 16
      },
      "2": {
        "loc": {
          "start": { "line": 19, "column": 4 },
          "end": { "line": 21, "column": null }
        },
        "type": "if",
        "locations": [
          {
            "start": { "line": 19, "column": 4 },
            "end": { "line": 21, "column": null }
          },
          { "start": {}, "end": {} }
        ],
        "line": 19
      },
      "3": {
        "loc": {
          "start": { "line": 25, "column": 4 },
          "end": { "line": 27, "column": null }
        },
        "type": "if",
        "locations": [
          {
            "start": { "line": 25, "column": 4 },
            "end": { "line": 27, "column": null }
          },
          { "start": {}, "end": {} }
        ],
        "line": 25
      }
    },
    "s": {
      "0": 2,
      "1": 13,
      "2": 13,
      "3": 12,
      "4": 5,
      "5": 13,
      "6": 8,
      "7": 5,
      "8": 1,
      "9": 1,
      "10": 5,
      "11": 1,
      "12": 1,
      "13": 5
    },
    "f": { "0": 13, "1": 12, "2": 1, "3": 1 },
    "b": { "0": [5, 7], "1": [8, 5], "2": [1, 0], "3": [1, 0] },
    "meta": {
      "lastBranch": 4,
      "lastFunction": 4,
      "lastStatement": 14,
      "seen": {
        "s:7:13:61:Infinity": 0,
        "f:7:13:7:22": 0,
        "s:8:8:8:Infinity": 1,
        "s:10:2:14:Infinity": 2,
        "f:10:2:10:18": 1,
        "b:11:4:13:Infinity:undefined:undefined:undefined:undefined": 0,
        "s:11:4:13:Infinity": 3,
        "s:12:6:12:Infinity": 4,
        "b:16:2:16:Infinity:undefined:undefined:undefined:undefined": 1,
        "s:16:2:16:Infinity": 5,
        "s:16:15:16:Infinity": 6,
        "s:18:8:22:Infinity": 7,
        "f:18:8:18:25": 2,
        "b:19:4:21:Infinity:undefined:undefined:undefined:undefined": 2,
        "s:19:4:21:Infinity": 8,
        "s:20:6:20:Infinity": 9,
        "s:24:8:28:Infinity": 10,
        "f:24:8:24:30": 3,
        "b:25:4:27:Infinity:undefined:undefined:undefined:undefined": 3,
        "s:25:4:27:Infinity": 11,
        "s:26:6:26:Infinity": 12,
        "s:30:2:60:Infinity": 13
      }
    }
  },
  "D:\\popka\\React-2026-Q2-RSSchool\\forms\\src\\components\\PasswordIndicator.tsx": {
    "path": "D:\\popka\\React-2026-Q2-RSSchool\\forms\\src\\components\\PasswordIndicator.tsx",
    "statementMap": {
      "0": {
        "start": { "line": 5, "column": 13 },
        "end": { "line": 33, "column": null }
      },
      "1": {
        "start": { "line": 6, "column": 8 },
        "end": { "line": 6, "column": null }
      },
      "2": {
        "start": { "line": 8, "column": 2 },
        "end": { "line": 31, "column": null }
      }
    },
    "fnMap": {
      "0": {
        "name": "(anonymous_0)",
        "decl": {
          "start": { "line": 5, "column": 13 },
          "end": { "line": 5, "column": 63 }
        },
        "loc": {
          "start": { "line": 5, "column": 77 },
          "end": { "line": 33, "column": null }
        },
        "line": 5
      }
    },
    "branchMap": {
      "0": {
        "loc": {
          "start": { "line": 11, "column": 40 },
          "end": { "line": 11, "column": null }
        },
        "type": "cond-expr",
        "locations": [
          {
            "start": { "line": 11, "column": 60 },
            "end": { "line": 11, "column": 81 }
          },
          {
            "start": { "line": 11, "column": 81 },
            "end": { "line": 11, "column": null }
          }
        ],
        "line": 11
      },
      "1": {
        "loc": {
          "start": { "line": 13, "column": 32 },
          "end": { "line": 13, "column": 68 }
        },
        "type": "cond-expr",
        "locations": [
          {
            "start": { "line": 13, "column": 52 },
            "end": { "line": 13, "column": 58 }
          },
          {
            "start": { "line": 13, "column": 58 },
            "end": { "line": 13, "column": 68 }
          }
        ],
        "line": 13
      },
      "2": {
        "loc": {
          "start": { "line": 16, "column": 40 },
          "end": { "line": 16, "column": null }
        },
        "type": "cond-expr",
        "locations": [
          {
            "start": { "line": 16, "column": 59 },
            "end": { "line": 16, "column": 80 }
          },
          {
            "start": { "line": 16, "column": 80 },
            "end": { "line": 16, "column": null }
          }
        ],
        "line": 16
      },
      "3": {
        "loc": {
          "start": { "line": 18, "column": 32 },
          "end": { "line": 18, "column": 67 }
        },
        "type": "cond-expr",
        "locations": [
          {
            "start": { "line": 18, "column": 51 },
            "end": { "line": 18, "column": 57 }
          },
          {
            "start": { "line": 18, "column": 57 },
            "end": { "line": 18, "column": 67 }
          }
        ],
        "line": 18
      },
      "4": {
        "loc": {
          "start": { "line": 21, "column": 40 },
          "end": { "line": 21, "column": null }
        },
        "type": "cond-expr",
        "locations": [
          {
            "start": { "line": 21, "column": 59 },
            "end": { "line": 21, "column": 80 }
          },
          {
            "start": { "line": 21, "column": 80 },
            "end": { "line": 21, "column": null }
          }
        ],
        "line": 21
      },
      "5": {
        "loc": {
          "start": { "line": 23, "column": 32 },
          "end": { "line": 23, "column": 67 }
        },
        "type": "cond-expr",
        "locations": [
          {
            "start": { "line": 23, "column": 51 },
            "end": { "line": 23, "column": 57 }
          },
          {
            "start": { "line": 23, "column": 57 },
            "end": { "line": 23, "column": 67 }
          }
        ],
        "line": 23
      },
      "6": {
        "loc": {
          "start": { "line": 26, "column": 40 },
          "end": { "line": 26, "column": null }
        },
        "type": "cond-expr",
        "locations": [
          {
            "start": { "line": 26, "column": 61 },
            "end": { "line": 26, "column": 82 }
          },
          {
            "start": { "line": 26, "column": 82 },
            "end": { "line": 26, "column": null }
          }
        ],
        "line": 26
      },
      "7": {
        "loc": {
          "start": { "line": 28, "column": 32 },
          "end": { "line": 28, "column": 69 }
        },
        "type": "cond-expr",
        "locations": [
          {
            "start": { "line": 28, "column": 53 },
            "end": { "line": 28, "column": 59 }
          },
          {
            "start": { "line": 28, "column": 59 },
            "end": { "line": 28, "column": 69 }
          }
        ],
        "line": 28
      }
    },
    "s": { "0": 2, "1": 59, "2": 59 },
    "f": { "0": 59 },
    "b": {
      "0": [32, 27],
      "1": [32, 27],
      "2": [29, 30],
      "3": [29, 30],
      "4": [28, 31],
      "5": [28, 31],
      "6": [27, 32],
      "7": [27, 32]
    },
    "meta": {
      "lastBranch": 8,
      "lastFunction": 1,
      "lastStatement": 3,
      "seen": {
        "s:5:13:33:Infinity": 0,
        "f:5:13:5:63": 0,
        "s:6:8:6:Infinity": 1,
        "s:8:2:31:Infinity": 2,
        "b:11:60:11:81:11:81:11:Infinity": 0,
        "b:13:52:13:58:13:58:13:68": 1,
        "b:16:59:16:80:16:80:16:Infinity": 2,
        "b:18:51:18:57:18:57:18:67": 3,
        "b:21:59:21:80:21:80:21:Infinity": 4,
        "b:23:51:23:57:23:57:23:67": 5,
        "b:26:61:26:82:26:82:26:Infinity": 6,
        "b:28:53:28:59:28:59:28:69": 7
      }
    }
  },
  "D:\\popka\\React-2026-Q2-RSSchool\\forms\\src\\components\\UnifiedForm.tsx": {
    "path": "D:\\popka\\React-2026-Q2-RSSchool\\forms\\src\\components\\UnifiedForm.tsx",
    "statementMap": {
      "0": {
        "start": { "line": 19, "column": 13 },
        "end": { "line": 335, "column": null }
      },
      "1": {
        "start": { "line": 23, "column": 16 },
        "end": { "line": 23, "column": null }
      },
      "2": {
        "start": { "line": 33, "column": 36 },
        "end": { "line": 48, "column": null }
      },
      "3": {
        "start": { "line": 50, "column": 8 },
        "end": { "line": 54, "column": null }
      },
      "4": {
        "start": { "line": 55, "column": 8 },
        "end": { "line": 59, "column": null }
      },
      "5": {
        "start": { "line": 60, "column": 8 },
        "end": { "line": 60, "column": null }
      },
      "6": {
        "start": { "line": 62, "column": 20 },
        "end": { "line": 62, "column": null }
      },
      "7": {
        "start": { "line": 63, "column": 23 },
        "end": { "line": 63, "column": null }
      },
      "8": {
        "start": { "line": 64, "column": 26 },
        "end": { "line": 64, "column": null }
      },
      "9": {
        "start": { "line": 65, "column": 25 },
        "end": { "line": 65, "column": null }
      },
      "10": {
        "start": { "line": 67, "column": 2 },
        "end": { "line": 71, "column": null }
      },
      "11": {
        "start": { "line": 68, "column": 4 },
        "end": { "line": 70, "column": null }
      },
      "12": {
        "start": { "line": 69, "column": 6 },
        "end": { "line": 69, "column": null }
      },
      "13": {
        "start": { "line": 73, "column": 8 },
        "end": { "line": 73, "column": null }
      },
      "14": {
        "start": { "line": 74, "column": 8 },
        "end": { "line": 74, "column": null }
      },
      "15": {
        "start": { "line": 75, "column": 8 },
        "end": { "line": 75, "column": null }
      },
      "16": {
        "start": { "line": 76, "column": 8 },
        "end": { "line": 76, "column": null }
      },
      "17": {
        "start": { "line": 77, "column": 8 },
        "end": { "line": 77, "column": null }
      },
      "18": {
        "start": { "line": 78, "column": 8 },
        "end": { "line": 78, "column": null }
      },
      "19": {
        "start": { "line": 79, "column": 8 },
        "end": { "line": 79, "column": null }
      },
      "20": {
        "start": { "line": 81, "column": 8 },
        "end": { "line": 136, "column": null }
      },
      "21": {
        "start": { "line": 82, "column": 17 },
        "end": { "line": 82, "column": null }
      },
      "22": {
        "start": { "line": 83, "column": 4 },
        "end": { "line": 83, "column": null }
      },
      "23": {
        "start": { "line": 83, "column": 15 },
        "end": { "line": 83, "column": null }
      },
      "24": {
        "start": { "line": 85, "column": 26 },
        "end": { "line": 85, "column": null }
      },
      "25": {
        "start": { "line": 86, "column": 26 },
        "end": { "line": 86, "column": null }
      },
      "26": {
        "start": { "line": 88, "column": 4 },
        "end": { "line": 123, "column": null }
      },
      "27": {
        "start": { "line": 89, "column": 6 },
        "end": { "line": 96, "column": null }
      },
      "28": {
        "start": { "line": 90, "column": 8 },
        "end": { "line": 93, "column": null }
      },
      "29": {
        "start": { "line": 94, "column": 8 },
        "end": { "line": 94, "column": null }
      },
      "30": {
        "start": { "line": 95, "column": 8 },
        "end": { "line": 95, "column": null }
      },
      "31": {
        "start": { "line": 97, "column": 6 },
        "end": { "line": 104, "column": null }
      },
      "32": {
        "start": { "line": 98, "column": 8 },
        "end": { "line": 101, "column": null }
      },
      "33": {
        "start": { "line": 102, "column": 8 },
        "end": { "line": 102, "column": null }
      },
      "34": {
        "start": { "line": 103, "column": 8 },
        "end": { "line": 103, "column": null }
      },
      "35": {
        "start": { "line": 105, "column": 6 },
        "end": { "line": 105, "column": null }
      },
      "36": {
        "start": { "line": 107, "column": 6 },
        "end": { "line": 113, "column": null }
      },
      "37": {
        "start": { "line": 108, "column": 8 },
        "end": { "line": 111, "column": null }
      },
      "38": {
        "start": { "line": 108, "column": 32 },
        "end": { "line": 111, "column": 10 }
      },
      "39": {
        "start": { "line": 112, "column": 8 },
        "end": { "line": 112, "column": null }
      },
      "40": {
        "start": { "line": 114, "column": 6 },
        "end": { "line": 117, "column": null }
      },
      "41": {
        "start": { "line": 115, "column": 8 },
        "end": { "line": 115, "column": null }
      },
      "42": {
        "start": { "line": 115, "column": 32 },
        "end": { "line": 115, "column": 78 }
      },
      "43": {
        "start": { "line": 116, "column": 8 },
        "end": { "line": 116, "column": null }
      },
      "44": {
        "start": { "line": 118, "column": 6 },
        "end": { "line": 122, "column": null }
      },
      "45": {
        "start": { "line": 119, "column": 21 },
        "end": { "line": 119, "column": null }
      },
      "46": {
        "start": { "line": 120, "column": 8 },
        "end": { "line": 120, "column": null }
      },
      "47": {
        "start": { "line": 121, "column": 8 },
        "end": { "line": 121, "column": null }
      },
      "48": {
        "start": { "line": 125, "column": 19 },
        "end": { "line": 125, "column": null }
      },
      "49": {
        "start": { "line": 126, "column": 4 },
        "end": { "line": 134, "column": null }
      },
      "50": {
        "start": { "line": 127, "column": 6 },
        "end": { "line": 133, "column": null }
      },
      "51": {
        "start": { "line": 128, "column": 8 },
        "end": { "line": 132, "column": null }
      },
      "52": {
        "start": { "line": 129, "column": 10 },
        "end": { "line": 129, "column": null }
      },
      "53": {
        "start": { "line": 131, "column": 10 },
        "end": { "line": 131, "column": null }
      },
      "54": {
        "start": { "line": 135, "column": 4 },
        "end": { "line": 135, "column": null }
      },
      "55": {
        "start": { "line": 138, "column": 8 },
        "end": { "line": 168, "column": null }
      },
      "56": {
        "start": { "line": 139, "column": 4 },
        "end": { "line": 139, "column": null }
      },
      "57": {
        "start": { "line": 140, "column": 19 },
        "end": { "line": 140, "column": null }
      },
      "58": {
        "start": { "line": 141, "column": 20 },
        "end": { "line": 152, "column": null }
      },
      "59": {
        "start": { "line": 154, "column": 19 },
        "end": { "line": 154, "column": null }
      },
      "60": {
        "start": { "line": 155, "column": 4 },
        "end": { "line": 167, "column": null }
      },
      "61": {
        "start": { "line": 156, "column": 54 },
        "end": { "line": 156, "column": null }
      },
      "62": {
        "start": { "line": 157, "column": 6 },
        "end": { "line": 162, "column": null }
      },
      "63": {
        "start": { "line": 158, "column": 25 },
        "end": { "line": 158, "column": null }
      },
      "64": {
        "start": { "line": 159, "column": 8 },
        "end": { "line": 161, "column": null }
      },
      "65": {
        "start": { "line": 160, "column": 10 },
        "end": { "line": 160, "column": null }
      },
      "66": {
        "start": { "line": 163, "column": 6 },
        "end": { "line": 163, "column": null }
      },
      "67": {
        "start": { "line": 165, "column": 6 },
        "end": { "line": 165, "column": null }
      },
      "68": {
        "start": { "line": 166, "column": 6 },
        "end": { "line": 166, "column": null }
      },
      "69": {
        "start": { "line": 170, "column": 2 },
        "end": { "line": 333, "column": null }
      },
      "70": {
        "start": { "line": 240, "column": 12 },
        "end": { "line": 248, "column": null }
      },
      "71": {
        "start": { "line": 241, "column": 14 },
        "end": { "line": 244, "column": null }
      },
      "72": {
        "start": { "line": 245, "column": 14 },
        "end": { "line": 245, "column": null }
      },
      "73": {
        "start": { "line": 247, "column": 14 },
        "end": { "line": 247, "column": null }
      },
      "74": {
        "start": { "line": 266, "column": 10 },
        "end": { "line": 272, "column": null }
      },
      "75": {
        "start": { "line": 267, "column": 12 },
        "end": { "line": 270, "column": null }
      },
      "76": {
        "start": { "line": 271, "column": 12 },
        "end": { "line": 271, "column": null }
      },
      "77": {
        "start": { "line": 285, "column": 10 },
        "end": { "line": 293, "column": null }
      },
      "78": {
        "start": { "line": 286, "column": 12 },
        "end": { "line": 290, "column": null }
      },
      "79": {
        "start": { "line": 292, "column": 12 },
        "end": { "line": 292, "column": null }
      },
      "80": {
        "start": { "line": 296, "column": 10 },
        "end": { "line": 304, "column": null }
      },
      "81": {
        "start": { "line": 297, "column": 12 },
        "end": { "line": 301, "column": null }
      },
      "82": {
        "start": { "line": 303, "column": 12 },
        "end": { "line": 303, "column": null }
      }
    },
    "fnMap": {
      "0": {
        "name": "(anonymous_0)",
        "decl": {
          "start": { "line": 19, "column": 13 },
          "end": { "line": 19, "column": 56 }
        },
        "loc": {
          "start": { "line": 22, "column": 6 },
          "end": { "line": 335, "column": null }
        },
        "line": 22
      },
      "1": {
        "name": "(anonymous_1)",
        "decl": {
          "start": { "line": 67, "column": 8 },
          "end": { "line": 67, "column": 24 }
        },
        "loc": {
          "start": { "line": 67, "column": 24 },
          "end": { "line": 71, "column": 5 }
        },
        "line": 67
      },
      "2": {
        "name": "(anonymous_2)",
        "decl": {
          "start": { "line": 81, "column": 8 },
          "end": { "line": 81, "column": 33 }
        },
        "loc": {
          "start": { "line": 81, "column": 76 },
          "end": { "line": 136, "column": null }
        },
        "line": 81
      },
      "3": {
        "name": "(anonymous_3)",
        "decl": {
          "start": { "line": 108, "column": 8 },
          "end": { "line": 108, "column": 22 }
        },
        "loc": {
          "start": { "line": 108, "column": 32 },
          "end": { "line": 111, "column": 10 }
        },
        "line": 108
      },
      "4": {
        "name": "(anonymous_4)",
        "decl": {
          "start": { "line": 115, "column": 8 },
          "end": { "line": 115, "column": 22 }
        },
        "loc": {
          "start": { "line": 115, "column": 32 },
          "end": { "line": 115, "column": 78 }
        },
        "line": 115
      },
      "5": {
        "name": "(anonymous_5)",
        "decl": {
          "start": { "line": 118, "column": 6 },
          "end": { "line": 118, "column": 20 }
        },
        "loc": {
          "start": { "line": 118, "column": 29 },
          "end": { "line": 122, "column": 7 }
        },
        "line": 118
      },
      "6": {
        "name": "(anonymous_6)",
        "decl": {
          "start": { "line": 126, "column": 11 },
          "end": { "line": 126, "column": 29 }
        },
        "loc": {
          "start": { "line": 126, "column": 29 },
          "end": { "line": 134, "column": null }
        },
        "line": 126
      },
      "7": {
        "name": "(anonymous_7)",
        "decl": {
          "start": { "line": 138, "column": 8 },
          "end": { "line": 138, "column": 36 }
        },
        "loc": {
          "start": { "line": 138, "column": 76 },
          "end": { "line": 168, "column": null }
        },
        "line": 138
      },
      "8": {
        "name": "(anonymous_8)",
        "decl": {
          "start": { "line": 157, "column": 26 },
          "end": { "line": 157, "column": 35 }
        },
        "loc": {
          "start": { "line": 157, "column": 45 },
          "end": { "line": 162, "column": 7 }
        },
        "line": 157
      },
      "9": {
        "name": "(anonymous_9)",
        "decl": {
          "start": { "line": 239, "column": 10 },
          "end": { "line": 239, "column": 21 }
        },
        "loc": {
          "start": { "line": 239, "column": 27 },
          "end": { "line": 249, "column": null }
        },
        "line": 239
      },
      "10": {
        "name": "(anonymous_10)",
        "decl": {
          "start": { "line": 265, "column": 8 },
          "end": { "line": 265, "column": 19 }
        },
        "loc": {
          "start": { "line": 265, "column": 25 },
          "end": { "line": 273, "column": null }
        },
        "line": 265
      },
      "11": {
        "name": "(anonymous_11)",
        "decl": {
          "start": { "line": 284, "column": 8 },
          "end": { "line": 284, "column": 31 }
        },
        "loc": {
          "start": { "line": 284, "column": 37 },
          "end": { "line": 294, "column": null }
        },
        "line": 284
      },
      "12": {
        "name": "(anonymous_12)",
        "decl": {
          "start": { "line": 295, "column": 8 },
          "end": { "line": 295, "column": 19 }
        },
        "loc": {
          "start": { "line": 295, "column": 25 },
          "end": { "line": 305, "column": null }
        },
        "line": 295
      }
    },
    "branchMap": {
      "0": {
        "loc": {
          "start": { "line": 68, "column": 4 },
          "end": { "line": 70, "column": null }
        },
        "type": "if",
        "locations": [
          {
            "start": { "line": 68, "column": 4 },
            "end": { "line": 70, "column": null }
          },
          { "start": {}, "end": {} }
        ],
        "line": 68
      },
      "1": {
        "loc": {
          "start": { "line": 68, "column": 8 },
          "end": { "line": 68, "column": 58 }
        },
        "type": "binary-expr",
        "locations": [
          {
            "start": { "line": 68, "column": 8 },
            "end": { "line": 68, "column": 18 }
          },
          {
            "start": { "line": 68, "column": 18 },
            "end": { "line": 68, "column": 35 }
          },
          {
            "start": { "line": 68, "column": 35 },
            "end": { "line": 68, "column": 58 }
          }
        ],
        "line": 68
      },
      "2": {
        "loc": {
          "start": { "line": 83, "column": 4 },
          "end": { "line": 83, "column": null }
        },
        "type": "if",
        "locations": [
          {
            "start": { "line": 83, "column": 4 },
            "end": { "line": 83, "column": null }
          },
          { "start": {}, "end": {} }
        ],
        "line": 83
      },
      "3": {
        "loc": {
          "start": { "line": 88, "column": 4 },
          "end": { "line": 123, "column": null }
        },
        "type": "if",
        "locations": [
          {
            "start": { "line": 88, "column": 4 },
            "end": { "line": 123, "column": null }
          },
          {
            "start": { "line": 106, "column": 11 },
            "end": { "line": 123, "column": null }
          }
        ],
        "line": 88
      },
      "4": {
        "loc": {
          "start": { "line": 89, "column": 6 },
          "end": { "line": 96, "column": null }
        },
        "type": "if",
        "locations": [
          {
            "start": { "line": 89, "column": 6 },
            "end": { "line": 96, "column": null }
          },
          { "start": {}, "end": {} }
        ],
        "line": 89
      },
      "5": {
        "loc": {
          "start": { "line": 97, "column": 6 },
          "end": { "line": 104, "column": null }
        },
        "type": "if",
        "locations": [
          {
            "start": { "line": 97, "column": 6 },
            "end": { "line": 104, "column": null }
          },
          { "start": {}, "end": {} }
        ],
        "line": 97
      },
      "6": {
        "loc": {
          "start": { "line": 107, "column": 6 },
          "end": { "line": 113, "column": null }
        },
        "type": "if",
        "locations": [
          {
            "start": { "line": 107, "column": 6 },
            "end": { "line": 113, "column": null }
          },
          { "start": {}, "end": {} }
        ],
        "line": 107
      },
      "7": {
        "loc": {
          "start": { "line": 114, "column": 6 },
          "end": { "line": 117, "column": null }
        },
        "type": "if",
        "locations": [
          {
            "start": { "line": 114, "column": 6 },
            "end": { "line": 117, "column": null }
          },
          { "start": {}, "end": {} }
        ],
        "line": 114
      },
      "8": {
        "loc": {
          "start": { "line": 127, "column": 6 },
          "end": { "line": 133, "column": null }
        },
        "type": "if",
        "locations": [
          {
            "start": { "line": 127, "column": 6 },
            "end": { "line": 133, "column": null }
          },
          { "start": {}, "end": {} }
        ],
        "line": 127
      },
      "9": {
        "loc": {
          "start": { "line": 128, "column": 8 },
          "end": { "line": 132, "column": null }
        },
        "type": "if",
        "locations": [
          {
            "start": { "line": 128, "column": 8 },
            "end": { "line": 132, "column": null }
          },
          {
            "start": { "line": 130, "column": 15 },
            "end": { "line": 132, "column": null }
          }
        ],
        "line": 128
      },
      "10": {
        "loc": {
          "start": { "line": 142, "column": 12 },
          "end": { "line": 142, "column": null }
        },
        "type": "binary-expr",
        "locations": [
          {
            "start": { "line": 142, "column": 12 },
            "end": { "line": 142, "column": 38 }
          },
          {
            "start": { "line": 142, "column": 38 },
            "end": { "line": 142, "column": null }
          }
        ],
        "line": 142
      },
      "11": {
        "loc": {
          "start": { "line": 143, "column": 11 },
          "end": { "line": 143, "column": null }
        },
        "type": "cond-expr",
        "locations": [
          {
            "start": { "line": 143, "column": 51 },
            "end": { "line": 143, "column": 63 }
          },
          {
            "start": { "line": 143, "column": 63 },
            "end": { "line": 143, "column": null }
          }
        ],
        "line": 143
      },
      "12": {
        "loc": {
          "start": { "line": 143, "column": 11 },
          "end": { "line": 143, "column": 51 }
        },
        "type": "binary-expr",
        "locations": [
          {
            "start": { "line": 143, "column": 11 },
            "end": { "line": 143, "column": 28 }
          },
          {
            "start": { "line": 143, "column": 28 },
            "end": { "line": 143, "column": 51 }
          }
        ],
        "line": 143
      },
      "13": {
        "loc": {
          "start": { "line": 144, "column": 13 },
          "end": { "line": 144, "column": null }
        },
        "type": "binary-expr",
        "locations": [
          {
            "start": { "line": 144, "column": 13 },
            "end": { "line": 144, "column": 40 }
          },
          {
            "start": { "line": 144, "column": 40 },
            "end": { "line": 144, "column": null }
          }
        ],
        "line": 144
      },
      "14": {
        "loc": {
          "start": { "line": 146, "column": 8 },
          "end": { "line": 146, "column": null }
        },
        "type": "cond-expr",
        "locations": [
          {
            "start": { "line": 146, "column": 42 },
            "end": { "line": 146, "column": 54 }
          },
          {
            "start": { "line": 146, "column": 54 },
            "end": { "line": 146, "column": null }
          }
        ],
        "line": 146
      },
      "15": {
        "loc": {
          "start": { "line": 147, "column": 19 },
          "end": { "line": 147, "column": null }
        },
        "type": "binary-expr",
        "locations": [
          {
            "start": { "line": 147, "column": 19 },
            "end": { "line": 147, "column": 48 }
          },
          {
            "start": { "line": 147, "column": 48 },
            "end": { "line": 147, "column": null }
          }
        ],
        "line": 147
      },
      "16": {
        "loc": {
          "start": { "line": 149, "column": 16 },
          "end": { "line": 149, "column": null }
        },
        "type": "binary-expr",
        "locations": [
          {
            "start": { "line": 149, "column": 16 },
            "end": { "line": 149, "column": 46 }
          },
          {
            "start": { "line": 149, "column": 46 },
            "end": { "line": 149, "column": null }
          }
        ],
        "line": 149
      },
      "17": {
        "loc": {
          "start": { "line": 150, "column": 23 },
          "end": { "line": 150, "column": null }
        },
        "type": "binary-expr",
        "locations": [
          {
            "start": { "line": 150, "column": 23 },
            "end": { "line": 150, "column": 60 }
          },
          {
            "start": { "line": 150, "column": 60 },
            "end": { "line": 150, "column": null }
          }
        ],
        "line": 150
      },
      "18": {
        "loc": {
          "start": { "line": 155, "column": 4 },
          "end": { "line": 167, "column": null }
        },
        "type": "if",
        "locations": [
          {
            "start": { "line": 155, "column": 4 },
            "end": { "line": 167, "column": null }
          },
          {
            "start": { "line": 164, "column": 11 },
            "end": { "line": 167, "column": null }
          }
        ],
        "line": 155
      },
      "19": {
        "loc": {
          "start": { "line": 159, "column": 8 },
          "end": { "line": 161, "column": null }
        },
        "type": "if",
        "locations": [
          {
            "start": { "line": 159, "column": 8 },
            "end": { "line": 161, "column": null }
          },
          { "start": {}, "end": {} }
        ],
        "line": 159
      },
      "20": {
        "loc": {
          "start": { "line": 174, "column": 8 },
          "end": { "line": 174, "column": null }
        },
        "type": "cond-expr",
        "locations": [
          {
            "start": { "line": 174, "column": 16 },
            "end": { "line": 174, "column": 48 }
          },
          {
            "start": { "line": 174, "column": 48 },
            "end": { "line": 174, "column": null }
          }
        ],
        "line": 174
      },
      "21": {
        "loc": {
          "start": { "line": 178, "column": 15 },
          "end": { "line": 178, "column": null }
        },
        "type": "cond-expr",
        "locations": [
          {
            "start": { "line": 178, "column": 23 },
            "end": { "line": 178, "column": 49 }
          },
          {
            "start": { "line": 178, "column": 49 },
            "end": { "line": 178, "column": null }
          }
        ],
        "line": 178
      },
      "22": {
        "loc": {
          "start": { "line": 189, "column": 15 },
          "end": { "line": 189, "column": null }
        },
        "type": "cond-expr",
        "locations": [
          {
            "start": { "line": 189, "column": 23 },
            "end": { "line": 189, "column": 48 }
          },
          {
            "start": { "line": 189, "column": 48 },
            "end": { "line": 189, "column": null }
          }
        ],
        "line": 189
      },
      "23": {
        "loc": {
          "start": { "line": 200, "column": 15 },
          "end": { "line": 200, "column": null }
        },
        "type": "cond-expr",
        "locations": [
          {
            "start": { "line": 200, "column": 23 },
            "end": { "line": 200, "column": 50 }
          },
          {
            "start": { "line": 200, "column": 50 },
            "end": { "line": 200, "column": null }
          }
        ],
        "line": 200
      },
      "24": {
        "loc": {
          "start": { "line": 210, "column": 15 },
          "end": { "line": 210, "column": null }
        },
        "type": "cond-expr",
        "locations": [
          {
            "start": { "line": 210, "column": 23 },
            "end": { "line": 210, "column": 51 }
          },
          {
            "start": { "line": 210, "column": 51 },
            "end": { "line": 210, "column": null }
          }
        ],
        "line": 210
      },
      "25": {
        "loc": {
          "start": { "line": 220, "column": 15 },
          "end": { "line": 220, "column": null }
        },
        "type": "cond-expr",
        "locations": [
          {
            "start": { "line": 220, "column": 23 },
            "end": { "line": 220, "column": 50 }
          },
          {
            "start": { "line": 220, "column": 50 },
            "end": { "line": 220, "column": null }
          }
        ],
        "line": 220
      },
      "26": {
        "loc": {
[...]
        "s:69:6:69:Infinity": 12,
        "s:73:8:73:Infinity": 13,
        "s:74:8:74:Infinity": 14,
        "s:75:8:75:Infinity": 15,
        "s:76:8:76:Infinity": 16,
        "s:77:8:77:Infinity": 17,
        "s:78:8:78:Infinity": 18,
        "s:79:8:79:Infinity": 19,
        "s:81:8:136:Infinity": 20,
        "f:81:8:81:33": 2,
        "s:82:17:82:Infinity": 21,
        "b:83:4:83:Infinity:undefined:undefined:undefined:undefined": 2,
        "s:83:4:83:Infinity": 22,
        "s:83:15:83:Infinity": 23,
        "s:85:26:85:Infinity": 24,
        "s:86:26:86:Infinity": 25,
        "b:88:4:123:Infinity:106:11:123:Infinity": 3,
        "s:88:4:123:Infinity": 26,
        "b:89:6:96:Infinity:undefined:undefined:undefined:undefined": 4,
        "s:89:6:96:Infinity": 27,
        "s:90:8:93:Infinity": 28,
        "s:94:8:94:Infinity": 29,
        "s:95:8:95:Infinity": 30,
        "b:97:6:104:Infinity:undefined:undefined:undefined:undefined": 5,
        "s:97:6:104:Infinity": 31,
        "s:98:8:101:Infinity": 32,
        "s:102:8:102:Infinity": 33,
        "s:103:8:103:Infinity": 34,
        "s:105:6:105:Infinity": 35,
        "b:107:6:113:Infinity:undefined:undefined:undefined:undefined": 6,
        "s:107:6:113:Infinity": 36,
        "s:108:8:111:Infinity": 37,
        "f:108:8:108:22": 3,
        "s:108:32:111:10": 38,
        "s:112:8:112:Infinity": 39,
        "b:114:6:117:Infinity:undefined:undefined:undefined:undefined": 7,
        "s:114:6:117:Infinity": 40,
        "s:115:8:115:Infinity": 41,
        "f:115:8:115:22": 4,
        "s:115:32:115:78": 42,
        "s:116:8:116:Infinity": 43,
        "s:118:6:122:Infinity": 44,
        "f:118:6:118:20": 5,
        "s:119:21:119:Infinity": 45,
        "s:120:8:120:Infinity": 46,
        "s:121:8:121:Infinity": 47,
        "s:125:19:125:Infinity": 48,
        "s:126:4:134:Infinity": 49,
        "f:126:11:126:29": 6,
        "b:127:6:133:Infinity:undefined:undefined:undefined:undefined": 8,
        "s:127:6:133:Infinity": 50,
        "b:128:8:132:Infinity:130:15:132:Infinity": 9,
        "s:128:8:132:Infinity": 51,
        "s:129:10:129:Infinity": 52,
        "s:131:10:131:Infinity": 53,
        "s:135:4:135:Infinity": 54,
        "s:138:8:168:Infinity": 55,
        "f:138:8:138:36": 7,
        "s:139:4:139:Infinity": 56,
        "s:140:19:140:Infinity": 57,
        "s:141:20:152:Infinity": 58,
        "b:142:12:142:38:142:38:142:Infinity": 10,
        "b:143:51:143:63:143:63:143:Infinity": 11,
        "b:143:11:143:28:143:28:143:51": 12,
        "b:144:13:144:40:144:40:144:Infinity": 13,
        "b:146:42:146:54:146:54:146:Infinity": 14,
        "b:147:19:147:48:147:48:147:Infinity": 15,
        "b:149:16:149:46:149:46:149:Infinity": 16,
        "b:150:23:150:60:150:60:150:Infinity": 17,
        "s:154:19:154:Infinity": 59,
        "b:155:4:167:Infinity:164:11:167:Infinity": 18,
        "s:155:4:167:Infinity": 60,
        "s:156:54:156:Infinity": 61,
        "s:157:6:162:Infinity": 62,
        "f:157:26:157:35": 8,
        "s:158:25:158:Infinity": 63,
        "b:159:8:161:Infinity:undefined:undefined:undefined:undefined": 19,
        "s:159:8:161:Infinity": 64,
        "s:160:10:160:Infinity": 65,
        "s:163:6:163:Infinity": 66,
        "s:165:6:165:Infinity": 67,
        "s:166:6:166:Infinity": 68,
        "s:170:2:333:Infinity": 69,
        "b:174:16:174:48:174:48:174:Infinity": 20,
        "b:178:23:178:49:178:49:178:Infinity": 21,
        "b:189:23:189:48:189:48:189:Infinity": 22,
        "b:200:23:200:50:200:50:200:Infinity": 23,
        "b:210:23:210:51:210:51:210:Infinity": 24,
        "b:220:23:220:50:220:50:220:Infinity": 25,
        "b:231:25:231:55:231:55:231:Infinity": 26,
        "f:239:10:239:21": 9,
        "b:240:12:248:Infinity:246:19:248:Infinity": 27,
        "s:240:12:248:Infinity": 70,
        "s:241:14:244:Infinity": 71,
        "s:245:14:245:Infinity": 72,
        "s:247:14:247:Infinity": 73,
        "b:251:42:251:58:251:58:251:73": 28,
        "b:256:18:256:55:256:55:256:Infinity": 29,
        "f:265:8:265:19": 10,
        "b:266:10:272:Infinity:undefined:undefined:undefined:undefined": 30,
        "s:266:10:272:Infinity": 74,
        "s:267:12:270:Infinity": 75,
        "s:271:12:271:Infinity": 76,
        "b:277:23:277:52:277:52:277:Infinity": 31,
        "b:283:23:283:38:283:38:283:Infinity": 32,
        "f:284:8:284:31": 11,
        "b:285:10:293:Infinity:291:17:293:Infinity": 33,
        "s:285:10:293:Infinity": 77,
        "s:286:12:290:Infinity": 78,
        "s:292:12:292:Infinity": 79,
        "f:295:8:295:19": 12,
        "b:296:10:304:Infinity:302:17:304:Infinity": 34,
        "s:296:10:304:Infinity": 80,
        "s:297:12:301:Infinity": 81,
        "s:303:12:303:Infinity": 82,
        "b:312:14:312:Infinity:313:14:313:Infinity": 35,
        "b:313:14:313:39:313:39:313:Infinity": 36,
        "b:325:14:325:Infinity:326:14:326:Infinity": 37,
        "b:328:26:328:37:328:37:328:Infinity": 38
      }
    }
  },
  "D:\\popka\\React-2026-Q2-RSSchool\\forms\\src\\store\\profileSlice.ts": {
    "path": "D:\\popka\\React-2026-Q2-RSSchool\\forms\\src\\store\\profileSlice.ts",
    "statementMap": {
      "0": {
        "start": { "line": 9, "column": 35 },
        "end": { "line": 11, "column": null }
      },
      "1": {
        "start": { "line": 13, "column": 13 },
        "end": { "line": 21, "column": null }
      },
      "2": {
        "start": { "line": 18, "column": 6 },
        "end": { "line": 18, "column": null }
      },
      "3": {
        "start": { "line": 23, "column": 33 },
        "end": { "line": 23, "column": null }
      }
    },
    "fnMap": {
      "0": {
        "name": "(anonymous_0)",
        "decl": {
          "start": { "line": 17, "column": 4 },
          "end": { "line": 17, "column": 20 }
        },
        "loc": {
          "start": { "line": 17, "column": 65 },
          "end": { "line": 19, "column": null }
        },
        "line": 17
      }
    },
    "branchMap": {},
    "s": { "0": 3, "1": 3, "2": 2, "3": 3 },
    "f": { "0": 2 },
    "b": {},
    "meta": {
      "lastBranch": 0,
      "lastFunction": 1,
      "lastStatement": 4,
      "seen": {
        "s:9:35:11:Infinity": 0,
        "s:13:13:21:Infinity": 1,
        "f:17:4:17:20": 0,
        "s:18:6:18:Infinity": 2,
        "s:23:33:23:Infinity": 3
      }
    }
  },
  "D:\\popka\\React-2026-Q2-RSSchool\\forms\\src\\store\\store.ts": {
    "path": "D:\\popka\\React-2026-Q2-RSSchool\\forms\\src\\store\\store.ts",
    "statementMap": {
      "0": {
        "start": { "line": 10, "column": 13 },
        "end": { "line": 14, "column": null }
      },
      "1": {
        "start": { "line": 19, "column": 13 },
        "end": { "line": 19, "column": null }
      },
      "2": {
        "start": { "line": 20, "column": 63 },
        "end": { "line": 20, "column": null }
      }
    },
    "fnMap": {
      "0": {
        "name": "(anonymous_0)",
        "decl": {
          "start": { "line": 19, "column": 13 },
          "end": { "line": 19, "column": 36 }
        },
        "loc": {
          "start": { "line": 19, "column": 13 },
          "end": { "line": 19, "column": null }
        },
        "line": 19
      }
    },
    "branchMap": {},
    "s": { "0": 2, "1": 10, "2": 2 },
    "f": { "0": 10 },
    "b": {},
    "meta": {
      "lastBranch": 0,
      "lastFunction": 1,
      "lastStatement": 3,
      "seen": {
        "s:10:13:14:Infinity": 0,
        "s:19:13:19:Infinity": 1,
        "f:19:13:19:36": 0,
        "s:20:63:20:Infinity": 2
      }
    }
  },
  "D:\\popka\\React-2026-Q2-RSSchool\\forms\\src\\utils\\FormHelpers.ts": {
    "path": "D:\\popka\\React-2026-Q2-RSSchool\\forms\\src\\utils\\FormHelpers.ts",
    "statementMap": {
      "0": {
        "start": { "line": 1, "column": 13 },
        "end": { "line": 8, "column": null }
      },
      "1": {
        "start": { "line": 2, "column": 2 },
        "end": { "line": 7, "column": null }
      },
      "2": {
        "start": { "line": 10, "column": 13 },
        "end": { "line": 21, "column": null }
      },
      "3": {
        "start": { "line": 11, "column": 2 },
        "end": { "line": 11, "column": null }
      },
      "4": {
        "start": { "line": 11, "column": 14 },
        "end": { "line": 11, "column": null }
      },
      "5": {
        "start": { "line": 12, "column": 16 },
        "end": { "line": 12, "column": null }
      },
      "6": {
        "start": { "line": 13, "column": 2 },
        "end": { "line": 13, "column": null }
      },
      "7": {
        "start": { "line": 13, "column": 26 },
        "end": { "line": 13, "column": null }
      },
      "8": {
        "start": { "line": 15, "column": 26 },
        "end": { "line": 15, "column": null }
      },
      "9": {
        "start": { "line": 16, "column": 2 },
        "end": { "line": 16, "column": null }
      },
      "10": {
        "start": { "line": 16, "column": 25 },
        "end": { "line": 16, "column": null }
      },
      "11": {
        "start": { "line": 17, "column": 2 },
        "end": { "line": 18, "column": null }
      },
      "12": {
        "start": { "line": 18, "column": 4 },
        "end": { "line": 18, "column": null }
      },
      "13": {
        "start": { "line": 20, "column": 2 },
        "end": { "line": 20, "column": null }
      }
    },
    "fnMap": {
      "0": {
        "name": "(anonymous_0)",
        "decl": {
          "start": { "line": 1, "column": 13 },
          "end": { "line": 1, "column": 38 }
        },
        "loc": {
          "start": { "line": 1, "column": 59 },
          "end": { "line": 8, "column": null }
        },
        "line": 1
      },
      "1": {
        "name": "(anonymous_1)",
        "decl": {
          "start": { "line": 10, "column": 13 },
          "end": { "line": 10, "column": 42 }
        },
        "loc": {
          "start": { "line": 10, "column": 69 },
          "end": { "line": 21, "column": null }
        },
        "line": 10
      }
    },
    "branchMap": {
      "0": {
        "loc": {
          "start": { "line": 11, "column": 2 },
          "end": { "line": 11, "column": null }
        },
        "type": "if",
        "locations": [
          {
            "start": { "line": 11, "column": 2 },
            "end": { "line": 11, "column": null }
          },
          { "start": {}, "end": {} }
        ],
        "line": 11
      },
      "1": {
        "loc": {
          "start": { "line": 13, "column": 2 },
          "end": { "line": 13, "column": null }
        },
        "type": "if",
        "locations": [
          {
            "start": { "line": 13, "column": 2 },
            "end": { "line": 13, "column": null }
          },
          { "start": {}, "end": {} }
        ],
        "line": 13
      },
      "2": {
        "loc": {
          "start": { "line": 16, "column": 2 },
          "end": { "line": 16, "column": null }
        },
        "type": "if",
        "locations": [
          {
            "start": { "line": 16, "column": 2 },
            "end": { "line": 16, "column": null }
          },
          { "start": {}, "end": {} }
        ],
        "line": 16
      },
      "3": {
        "loc": {
          "start": { "line": 16, "column": 6 },
          "end": { "line": 16, "column": 25 }
        },
        "type": "binary-expr",
        "locations": [
          {
            "start": { "line": 16, "column": 6 },
            "end": { "line": 16, "column": 16 }
          },
          {
            "start": { "line": 16, "column": 16 },
            "end": { "line": 16, "column": 25 }
          }
        ],
        "line": 16
      },
      "4": {
        "loc": {
          "start": { "line": 17, "column": 2 },
          "end": { "line": 18, "column": null }
        },
        "type": "if",
        "locations": [
          {
            "start": { "line": 17, "column": 2 },
            "end": { "line": 18, "column": null }
          },
          { "start": {}, "end": {} }
        ],
        "line": 17
      },
      "5": {
        "loc": {
          "start": { "line": 17, "column": 6 },
          "end": { "line": 17, "column": null }
        },
        "type": "binary-expr",
        "locations": [
          {
            "start": { "line": 17, "column": 6 },
            "end": { "line": 17, "column": 31 }
          },
          {
            "start": { "line": 17, "column": 31 },
            "end": { "line": 17, "column": 57 }
          },
          {
            "start": { "line": 17, "column": 57 },
            "end": { "line": 17, "column": null }
          }
        ],
        "line": 17
      }
    },
    "s": {
      "0": 6,
      "1": 61,
      "2": 6,
      "3": 53,
      "4": 19,
      "5": 34,
      "6": 34,
      "7": 4,
      "8": 30,
      "9": 30,
      "10": 2,
      "11": 28,
      "12": 2,
      "13": 26
    },
    "f": { "0": 61, "1": 53 },
    "b": {
      "0": [19, 34],
      "1": [4, 30],
      "2": [2, 28],
      "3": [30, 29],
      "4": [2, 26],
      "5": [28, 27, 27]
    },
    "meta": {
      "lastBranch": 6,
      "lastFunction": 2,
      "lastStatement": 14,
      "seen": {
        "s:1:13:8:Infinity": 0,
        "f:1:13:1:38": 0,
        "s:2:2:7:Infinity": 1,
        "s:10:13:21:Infinity": 2,
        "f:10:13:10:42": 1,
        "b:11:2:11:Infinity:undefined:undefined:undefined:undefined": 0,
        "s:11:2:11:Infinity": 3,
        "s:11:14:11:Infinity": 4,
        "s:12:16:12:Infinity": 5,
        "b:13:2:13:Infinity:undefined:undefined:undefined:undefined": 1,
        "s:13:2:13:Infinity": 6,
        "s:13:26:13:Infinity": 7,
        "s:15:26:15:Infinity": 8,
        "b:16:2:16:Infinity:undefined:undefined:undefined:undefined": 2,
        "s:16:2:16:Infinity": 9,
        "b:16:6:16:16:16:16:16:25": 3,
        "s:16:25:16:Infinity": 10,
        "b:17:2:18:Infinity:undefined:undefined:undefined:undefined": 4,
        "s:17:2:18:Infinity": 11,
        "b:17:6:17:31:17:31:17:57:17:57:17:Infinity": 5,
        "s:18:4:18:Infinity": 12,
        "s:20:2:20:Infinity": 13
      }
    }
  },
  "D:\\popka\\React-2026-Q2-RSSchool\\forms\\src\\utils\\ValidationSchema.ts": {
    "path": "D:\\popka\\React-2026-Q2-RSSchool\\forms\\src\\utils\\ValidationSchema.ts",
    "statementMap": {
      "0": {
        "start": { "line": 6, "column": 22 },
        "end": { "line": 6, "column": null }
      },
      "1": {
        "start": { "line": 8, "column": 29 },
        "end": { "line": 55, "column": null }
      },
      "2": {
        "start": { "line": 14, "column": 8 },
        "end": { "line": 14, "column": null }
      },
      "3": {
        "start": { "line": 14, "column": 30 },
        "end": { "line": 14, "column": null }
      },
      "4": {
        "start": { "line": 15, "column": 26 },
        "end": { "line": 15, "column": null }
      },
      "5": {
        "start": { "line": 16, "column": 8 },
        "end": { "line": 18, "column": null }
      },
      "6": {
        "start": { "line": 23, "column": 27 },
        "end": { "line": 23, "column": 64 }
      },
      "7": {
        "start": { "line": 33, "column": 9 },
        "end": { "line": 33, "column": null }
      },
      "8": {
        "start": { "line": 41, "column": 23 },
        "end": { "line": 41, "column": 37 }
      },
      "9": {
        "start": { "line": 48, "column": 18 },
        "end": { "line": 48, "column": null }
      },
      "10": {
        "start": { "line": 52, "column": 20 },
        "end": { "line": 52, "column": 60 }
      }
    },
    "fnMap": {
      "0": {
        "name": "(anonymous_0)",
        "decl": {
          "start": { "line": 13, "column": 7 },
          "end": { "line": 13, "column": 15 }
        },
        "loc": {
          "start": { "line": 13, "column": 23 },
          "end": { "line": 20, "column": 9 }
        },
        "line": 13
      },
      "1": {
        "name": "(anonymous_1)",
        "decl": {
          "start": { "line": 23, "column": 7 },
          "end": { "line": 23, "column": 18 }
        },
        "loc": {
          "start": { "line": 23, "column": 27 },
          "end": { "line": 23, "column": 64 }
        },
        "line": 23
      },
      "2": {
        "name": "(anonymous_2)",
        "decl": {
          "start": { "line": 32, "column": 7 },
          "end": { "line": 32, "column": null }
        },
        "loc": {
          "start": { "line": 33, "column": 9 },
          "end": { "line": 33, "column": null }
        },
        "line": 33
      },
      "3": {
        "name": "(anonymous_3)",
        "decl": {
          "start": { "line": 41, "column": 7 },
          "end": { "line": 41, "column": 15 }
        },
        "loc": {
          "start": { "line": 41, "column": 23 },
          "end": { "line": 41, "column": 37 }
        },
        "line": 41
      },
      "4": {
        "name": "(anonymous_4)",
        "decl": {
          "start": { "line": 47, "column": 7 },
          "end": { "line": 47, "column": null }
        },
        "loc": {
          "start": { "line": 48, "column": 18 },
          "end": { "line": 48, "column": null }
        },
        "line": 48
      },
      "5": {
        "name": "(anonymous_5)",
        "decl": {
          "start": { "line": 52, "column": 3 },
          "end": { "line": 52, "column": 11 }
        },
        "loc": {
          "start": { "line": 52, "column": 20 },
          "end": { "line": 52, "column": 60 }
        },
        "line": 52
      }
    },
    "branchMap": {
      "0": {
        "loc": {
          "start": { "line": 14, "column": 8 },
          "end": { "line": 14, "column": null }
        },
        "type": "if",
        "locations": [
          {
            "start": { "line": 14, "column": 8 },
            "end": { "line": 14, "column": null }
          },
          { "start": {}, "end": {} }
        ],
        "line": 14
      },
      "1": {
        "loc": {
          "start": { "line": 17, "column": 10 },
          "end": { "line": 18, "column": null }
        },
        "type": "binary-expr",
        "locations": [
          {
            "start": { "line": 17, "column": 10 },
            "end": { "line": 17, "column": null }
          },
          {
            "start": { "line": 18, "column": 10 },
            "end": { "line": 18, "column": null }
          }
        ],
        "line": 17
      },
      "2": {
        "loc": {
          "start": { "line": 23, "column": 27 },
          "end": { "line": 23, "column": 64 }
        },
        "type": "cond-expr",
        "locations": [
          {
            "start": { "line": 23, "column": 40 },
            "end": { "line": 23, "column": 52 }
          },
          {
            "start": { "line": 23, "column": 52 },
            "end": { "line": 23, "column": 64 }
          }
        ],
        "line": 23
      }
    },
    "s": {
      "0": 4,
      "1": 4,
      "2": 45,
      "3": 16,
      "4": 29,
      "5": 29,
      "6": 32,
      "7": 45,
      "8": 45,
      "9": 45,
      "10": 22
    },
    "f": { "0": 45, "1": 32, "2": 45, "3": 45, "4": 45, "5": 22 },
    "b": { "0": [16, 29], "1": [29, 25], "2": [6, 26] },
    "meta": {
      "lastBranch": 3,
      "lastFunction": 6,
      "lastStatement": 11,
      "seen": {
        "s:6:22:6:Infinity": 0,
        "s:8:29:55:Infinity": 1,
        "f:13:7:13:15": 0,
        "b:14:8:14:Infinity:undefined:undefined:undefined:undefined": 0,
        "s:14:8:14:Infinity": 2,
        "s:14:30:14:Infinity": 3,
        "s:15:26:15:Infinity": 4,
        "s:16:8:18:Infinity": 5,
        "b:17:10:17:Infinity:18:10:18:Infinity": 1,
        "f:23:7:23:18": 1,
        "s:23:27:23:64": 6,
        "b:23:40:23:52:23:52:23:64": 2,
        "f:32:7:32:Infinity": 2,
        "s:33:9:33:Infinity": 7,
        "f:41:7:41:15": 3,
        "s:41:23:41:37": 8,
        "f:47:7:47:Infinity": 4,
        "s:48:18:48:Infinity": 9,
        "f:52:3:52:11": 5,
        "s:52:20:52:60": 10
      }
    }
  }
}
