{"D:\\popka\\React-2026-Q2-RSSchool\\forms\\src\\App.tsx": {"path":"D:\\popka\\React-2026-Q2-RSSchool\\forms\\src\\App.tsx","statementMap":{"0":{"start":{"line":11,"column":13},"end":{"line":147,"column":null}},"1":{"start":{"line":12,"column":22},"end":{"line":12,"column":null}},"2":{"start":{"line":14,"column":8},"end":{"line":14,"column":null}},"3":{"start":{"line":15,"column":8},"end":{"line":15,"column":null}},"4":{"start":{"line":15,"column":48},"end":{"line":15,"column":73}},"5":{"start":{"line":17,"column":8},"end":{"line":20,"column":null}},"6":{"start":{"line":18,"column":4},"end":{"line":18,"column":null}},"7":{"start":{"line":19,"column":4},"end":{"line":19,"column":null}},"8":{"start":{"line":22,"column":2},"end":{"line":145,"column":null}},"9":{"start":{"line":33,"column":25},"end":{"line":33,"column":null}},"10":{"start":{"line":41,"column":25},"end":{"line":41,"column":null}},"11":{"start":{"line":58,"column":14},"end":{"line":116,"column":null}},"12":{"start":{"line":136,"column":23},"end":{"line":136,"column":null}}},"fnMap":{"0":{"name":"(anonymous_0)","decl":{"start":{"line":11,"column":13},"end":{"line":11,"column":25}},"loc":{"start":{"line":11,"column":25},"end":{"line":147,"column":null}},"line":11},"1":{"name":"(anonymous_1)","decl":{"start":{"line":15,"column":22},"end":{"line":15,"column":38}},"loc":{"start":{"line":15,"column":48},"end":{"line":15,"column":73}},"line":15},"2":{"name":"(anonymous_2)","decl":{"start":{"line":17,"column":8},"end":{"line":17,"column":32}},"loc":{"start":{"line":17,"column":53},"end":{"line":20,"column":null}},"line":17},"3":{"name":"(anonymous_3)","decl":{"start":{"line":33,"column":10},"end":{"line":33,"column":25}},"loc":{"start":{"line":33,"column":25},"end":{"line":33,"column":null}},"line":33},"4":{"name":"(anonymous_4)","decl":{"start":{"line":41,"column":10},"end":{"line":41,"column":25}},"loc":{"start":{"line":41,"column":25},"end":{"line":41,"column":null}},"line":41},"5":{"name":"(anonymous_5)","decl":{"start":{"line":57,"column":25},"end":{"line":57,"column":30}},"loc":{"start":{"line":58,"column":14},"end":{"line":116,"column":null}},"line":58},"6":{"name":"(anonymous_6)","decl":{"start":{"line":136,"column":8},"end":{"line":136,"column":23}},"loc":{"start":{"line":136,"column":23},"end":{"line":136,"column":null}},"line":136}},"branchMap":{"0":{"loc":{"start":{"line":55,"column":9},"end":{"line":127,"column":null}},"type":"cond-expr","locations":[{"start":{"line":56,"column":10},"end":{"line":120,"column":11}},{"start":{"line":120,"column":10},"end":{"line":127,"column":null}}],"line":55},"1":{"loc":{"start":{"line":63,"column":19},"end":{"line":76,"column":19}},"type":"cond-expr","locations":[{"start":{"line":64,"column":20},"end":{"line":70,"column":21}},{"start":{"line":70,"column":20},"end":{"line":76,"column":19}}],"line":63},"2":{"loc":{"start":{"line":71,"column":23},"end":{"line":73,"column":null}},"type":"cond-expr","locations":[{"start":{"line":72,"column":26},"end":{"line":72,"column":null}},{"start":{"line":73,"column":26},"end":{"line":73,"column":null}}],"line":71},"3":{"loc":{"start":{"line":132,"column":10},"end":{"line":134,"column":null}},"type":"cond-expr","locations":[{"start":{"line":133,"column":14},"end":{"line":133,"column":null}},{"start":{"line":134,"column":14},"end":{"line":134,"column":null}}],"line":132},"4":{"loc":{"start":{"line":138,"column":9},"end":{"line":143,"column":null}},"type":"cond-expr","locations":[{"start":{"line":139,"column":10},"end":{"line":143,"column":null}},{"start":{"line":143,"column":12},"end":{"line":143,"column":null}}],"line":138}},"s":{"0":0,"1":0,"2":0,"3":0,"4":0,"5":0,"6":0,"7":0,"8":0,"9":0,"10":0,"11":0,"12":0},"f":{"0":0,"1":0,"2":0,"3":0,"4":0,"5":0,"6":0},"b":{"0":[0,0],"1":[0,0],"2":[0,0],"3":[0,0],"4":[0,0]},"meta":{"lastBranch":5,"lastFunction":7,"lastStatement":13,"seen":{"s:11:13:147:Infinity":0,"f:11:13:11:25":0,"s:12:22:12:Infinity":1,"s:14:8:14:Infinity":2,"s:15:8:15:Infinity":3,"f:15:22:15:38":1,"s:15:48:15:73":4,"s:17:8:20:Infinity":5,"f:17:8:17:32":2,"s:18:4:18:Infinity":6,"s:19:4:19:Infinity":7,"s:22:2:145:Infinity":8,"f:33:10:33:25":3,"s:33:25:33:Infinity":9,"f:41:10:41:25":4,"s:41:25:41:Infinity":10,"b:56:10:120:11:120:10:127:Infinity":0,"f:57:25:57:30":5,"s:58:14:116:Infinity":11,"b:64:20:70:21:70:20:76:19":1,"b:72:26:72:Infinity:73:26:73:Infinity":2,"b:133:14:133:Infinity:134:14:134:Infinity":3,"f:136:8:136:23":6,"s:136:23:136:Infinity":12,"b:139:10:143:Infinity:143:12:143:Infinity":4}}}
,"D:\\popka\\React-2026-Q2-RSSchool\\forms\\src\\main.tsx": {"path":"D:\\popka\\React-2026-Q2-RSSchool\\forms\\src\\main.tsx","statementMap":{"0":{"start":{"line":10,"column":0},"end":{"line":16,"column":null}}},"fnMap":{},"branchMap":{},"s":{"0":0},"f":{},"b":{},"meta":{"lastBranch":0,"lastFunction":0,"lastStatement":1,"seen":{"s:10:0:16:Infinity":0}}}
,"D:\\popka\\React-2026-Q2-RSSchool\\forms\\src\\components\\FormCheckbox.tsx": {"path":"D:\\popka\\React-2026-Q2-RSSchool\\forms\\src\\components\\FormCheckbox.tsx","statementMap":{"0":{"start":{"line":5,"column":13},"end":{"line":40,"column":null}},"1":{"start":{"line":14,"column":27},"end":{"line":16,"column":null}},"2":{"start":{"line":18,"column":2},"end":{"line":38,"column":null}}},"fnMap":{"0":{"name":"(anonymous_0)","decl":{"start":{"line":5,"column":13},"end":{"line":5,"column":52}},"loc":{"start":{"line":13,"column":28},"end":{"line":40,"column":null}},"line":13}},"branchMap":{"0":{"loc":{"start":{"line":14,"column":27},"end":{"line":16,"column":null}},"type":"cond-expr","locations":[{"start":{"line":15,"column":6},"end":{"line":15,"column":null}},{"start":{"line":16,"column":6},"end":{"line":16,"column":null}}],"line":14},"1":{"loc":{"start":{"line":25,"column":17},"end":{"line":25,"column":null}},"type":"cond-expr","locations":[{"start":{"line":25,"column":25},"end":{"line":25,"column":37}},{"start":{"line":25,"column":37},"end":{"line":25,"column":null}}],"line":25},"2":{"loc":{"start":{"line":26,"column":17},"end":{"line":26,"column":null}},"type":"cond-expr","locations":[{"start":{"line":26,"column":37},"end":{"line":26,"column":54}},{"start":{"line":26,"column":54},"end":{"line":26,"column":null}}],"line":26},"3":{"loc":{"start":{"line":26,"column":17},"end":{"line":26,"column":37}},"type":"binary-expr","locations":[{"start":{"line":26,"column":17},"end":{"line":26,"column":26}},{"start":{"line":26,"column":26},"end":{"line":26,"column":37}}],"line":26},"4":{"loc":{"start":{"line":37,"column":54},"end":{"line":37,"column":71}},"type":"binary-expr","locations":[{"start":{"line":37,"column":54},"end":{"line":37,"column":63}},{"start":{"line":37,"column":63},"end":{"line":37,"column":71}}],"line":37}},"s":{"0":1,"1":52,"2":52},"f":{"0":52},"b":{"0":[25,27],"1":[25,27],"2":[25,27],"3":[52,25],"4":[52,50]},"meta":{"lastBranch":5,"lastFunction":1,"lastStatement":3,"seen":{"s:5:13:40:Infinity":0,"f:5:13:5:52":0,"s:14:27:16:Infinity":1,"b:15:6:15:Infinity:16:6:16:Infinity":0,"s:18:2:38:Infinity":2,"b:25:25:25:37:25:37:25:Infinity":1,"b:26:37:26:54:26:54:26:Infinity":2,"b:26:17:26:26:26:26:26:37":3,"b:37:54:37:63:37:63:37:71":4}}}
,"D:\\popka\\React-2026-Q2-RSSchool\\forms\\src\\components\\FormCountryAutocomplete.tsx": {"path":"D:\\popka\\React-2026-Q2-RSSchool\\forms\\src\\components\\FormCountryAutocomplete.tsx","statementMap":{"0":{"start":{"line":5,"column":13},"end":{"line":59,"column":null}},"1":{"start":{"line":16,"column":27},"end":{"line":18,"column":null}},"2":{"start":{"line":20,"column":27},"end":{"line":20,"column":null}},"3":{"start":{"line":22,"column":28},"end":{"line":26,"column":null}},"4":{"start":{"line":24,"column":8},"end":{"line":24,"column":null}},"5":{"start":{"line":28,"column":2},"end":{"line":57,"column":null}},"6":{"start":{"line":46,"column":12},"end":{"line":52,"column":null}},"7":{"start":{"line":49,"column":29},"end":{"line":49,"column":null}}},"fnMap":{"0":{"name":"(anonymous_0)","decl":{"start":{"line":5,"column":13},"end":{"line":5,"column":63}},"loc":{"start":{"line":15,"column":39},"end":{"line":59,"column":null}},"line":15},"1":{"name":"(anonymous_1)","decl":{"start":{"line":23,"column":39},"end":{"line":23,"column":47}},"loc":{"start":{"line":24,"column":8},"end":{"line":24,"column":null}},"line":24},"2":{"name":"(anonymous_2)","decl":{"start":{"line":45,"column":29},"end":{"line":45,"column":34}},"loc":{"start":{"line":46,"column":12},"end":{"line":52,"column":null}},"line":46},"3":{"name":"(anonymous_3)","decl":{"start":{"line":49,"column":14},"end":{"line":49,"column":29}},"loc":{"start":{"line":49,"column":29},"end":{"line":49,"column":null}},"line":49}},"branchMap":{"0":{"loc":{"start":{"line":16,"column":27},"end":{"line":18,"column":null}},"type":"cond-expr","locations":[{"start":{"line":17,"column":6},"end":{"line":17,"column":null}},{"start":{"line":18,"column":6},"end":{"line":18,"column":null}}],"line":16},"1":{"loc":{"start":{"line":20,"column":27},"end":{"line":20,"column":null}},"type":"cond-expr","locations":[{"start":{"line":20,"column":35},"end":{"line":20,"column":59}},{"start":{"line":20,"column":59},"end":{"line":20,"column":null}}],"line":20},"2":{"loc":{"start":{"line":22,"column":28},"end":{"line":26,"column":null}},"type":"cond-expr","locations":[{"start":{"line":23,"column":7},"end":{"line":25,"column":null}},{"start":{"line":26,"column":6},"end":{"line":26,"column":null}}],"line":22},"3":{"loc":{"start":{"line":36,"column":15},"end":{"line":36,"column":null}},"type":"cond-expr","locations":[{"start":{"line":36,"column":23},"end":{"line":36,"column":35}},{"start":{"line":36,"column":35},"end":{"line":36,"column":null}}],"line":36},"4":{"loc":{"start":{"line":37,"column":18},"end":{"line":37,"column":null}},"type":"cond-expr","locations":[{"start":{"line":37,"column":26},"end":{"line":37,"column":38}},{"start":{"line":37,"column":38},"end":{"line":37,"column":null}}],"line":37},"5":{"loc":{"start":{"line":38,"column":13},"end":{"line":38,"column":null}},"type":"cond-expr","locations":[{"start":{"line":38,"column":33},"end":{"line":38,"column":50}},{"start":{"line":38,"column":50},"end":{"line":38,"column":null}}],"line":38},"6":{"loc":{"start":{"line":38,"column":13},"end":{"line":38,"column":33}},"type":"binary-expr","locations":[{"start":{"line":38,"column":13},"end":{"line":38,"column":22}},{"start":{"line":38,"column":22},"end":{"line":38,"column":33}}],"line":38},"7":{"loc":{"start":{"line":41,"column":7},"end":{"line":55,"column":null}},"type":"cond-expr","locations":[{"start":{"line":44,"column":8},"end":{"line":55,"column":null}},{"start":{"line":55,"column":10},"end":{"line":55,"column":null}}],"line":41},"8":{"loc":{"start":{"line":41,"column":7},"end":{"line":43,"column":null}},"type":"binary-expr","locations":[{"start":{"line":41,"column":7},"end":{"line":41,"column":null}},{"start":{"line":42,"column":6},"end":{"line":42,"column":null}},{"start":{"line":43,"column":6},"end":{"line":43,"column":null}}],"line":41}},"s":{"0":1,"1":52,"2":52,"3":52,"4":162,"5":52,"6":10,"7":4},"f":{"0":52,"1":162,"2":10,"3":4},"b":{"0":[25,27],"1":[25,27],"2":[18,34],"3":[25,27],"4":[25,27],"5":[25,27],"6":[52,25],"7":[6,46],"8":[52,18,6]},"meta":{"lastBranch":9,"lastFunction":4,"lastStatement":8,"seen":{"s:5:13:59:Infinity":0,"f:5:13:5:63":0,"s:16:27:18:Infinity":1,"b:17:6:17:Infinity:18:6:18:Infinity":0,"s:20:27:20:Infinity":2,"b:20:35:20:59:20:59:20:Infinity":1,"s:22:28:26:Infinity":3,"b:23:7:25:Infinity:26:6:26:Infinity":2,"f:23:39:23:47":1,"s:24:8:24:Infinity":4,"s:28:2:57:Infinity":5,"b:36:23:36:35:36:35:36:Infinity":3,"b:37:26:37:38:37:38:37:Infinity":4,"b:38:33:38:50:38:50:38:Infinity":5,"b:38:13:38:22:38:22:38:33":6,"b:44:8:55:Infinity:55:10:55:Infinity":7,"b:41:7:41:Infinity:42:6:42:Infinity:43:6:43:Infinity":8,"f:45:29:45:34":2,"s:46:12:52:Infinity":6,"f:49:14:49:29":3,"s:49:29:49:Infinity":7}}}
,"D:\\popka\\React-2026-Q2-RSSchool\\forms\\src\\components\\FormImageUpload.tsx": {"path":"D:\\popka\\React-2026-Q2-RSSchool\\forms\\src\\components\\FormImageUpload.tsx","statementMap":{"0":{"start":{"line":5,"column":13},"end":{"line":31,"column":null}},"1":{"start":{"line":12,"column":26},"end":{"line":14,"column":null}},"2":{"start":{"line":16,"column":2},"end":{"line":29,"column":null}}},"fnMap":{"0":{"name":"(anonymous_0)","decl":{"start":{"line":5,"column":13},"end":{"line":5,"column":55}},"loc":{"start":{"line":11,"column":31},"end":{"line":31,"column":null}},"line":11}},"branchMap":{"0":{"loc":{"start":{"line":12,"column":26},"end":{"line":14,"column":null}},"type":"cond-expr","locations":[{"start":{"line":13,"column":6},"end":{"line":13,"column":null}},{"start":{"line":14,"column":6},"end":{"line":14,"column":null}}],"line":12}},"s":{"0":1,"1":52,"2":52},"f":{"0":52},"b":{"0":[25,27]},"meta":{"lastBranch":1,"lastFunction":1,"lastStatement":3,"seen":{"s:5:13:31:Infinity":0,"f:5:13:5:55":0,"s:12:26:14:Infinity":1,"b:13:6:13:Infinity:14:6:14:Infinity":0,"s:16:2:29:Infinity":2}}}
,"D:\\popka\\React-2026-Q2-RSSchool\\forms\\src\\components\\FormInput.tsx": {"path":"D:\\popka\\React-2026-Q2-RSSchool\\forms\\src\\components\\FormInput.tsx","statementMap":{"0":{"start":{"line":7,"column":13},"end":{"line":70,"column":null}},"1":{"start":{"line":19,"column":28},"end":{"line":19,"column":null}},"2":{"start":{"line":21,"column":27},"end":{"line":23,"column":null}},"3":{"start":{"line":25,"column":26},"end":{"line":25,"column":null}},"4":{"start":{"line":26,"column":27},"end":{"line":26,"column":null}},"5":{"start":{"line":28,"column":2},"end":{"line":68,"column":null}},"6":{"start":{"line":54,"column":27},"end":{"line":54,"column":null}},"7":{"start":{"line":54,"column":58},"end":{"line":54,"column":63}}},"fnMap":{"0":{"name":"(anonymous_0)","decl":{"start":{"line":7,"column":13},"end":{"line":7,"column":49}},"loc":{"start":{"line":18,"column":25},"end":{"line":70,"column":null}},"line":18},"1":{"name":"(anonymous_1)","decl":{"start":{"line":54,"column":12},"end":{"line":54,"column":27}},"loc":{"start":{"line":54,"column":27},"end":{"line":54,"column":null}},"line":54},"2":{"name":"(anonymous_2)","decl":{"start":{"line":54,"column":27},"end":{"line":54,"column":49}},"loc":{"start":{"line":54,"column":58},"end":{"line":54,"column":63}},"line":54}},"branchMap":{"0":{"loc":{"start":{"line":10,"column":2},"end":{"line":10,"column":null}},"type":"default-arg","locations":[{"start":{"line":10,"column":9},"end":{"line":10,"column":null}}],"line":10},"1":{"loc":{"start":{"line":21,"column":27},"end":{"line":23,"column":null}},"type":"cond-expr","locations":[{"start":{"line":22,"column":6},"end":{"line":22,"column":null}},{"start":{"line":23,"column":6},"end":{"line":23,"column":null}}],"line":21},"2":{"loc":{"start":{"line":26,"column":27},"end":{"line":26,"column":null}},"type":"cond-expr","locations":[{"start":{"line":26,"column":66},"end":{"line":26,"column":75}},{"start":{"line":26,"column":75},"end":{"line":26,"column":null}}],"line":26},"3":{"loc":{"start":{"line":26,"column":27},"end":{"line":26,"column":66}},"type":"binary-expr","locations":[{"start":{"line":26,"column":27},"end":{"line":26,"column":46}},{"start":{"line":26,"column":46},"end":{"line":26,"column":66}}],"line":26},"4":{"loc":{"start":{"line":39,"column":15},"end":{"line":39,"column":null}},"type":"cond-expr","locations":[{"start":{"line":39,"column":23},"end":{"line":39,"column":35}},{"start":{"line":39,"column":35},"end":{"line":39,"column":null}}],"line":39},"5":{"loc":{"start":{"line":42,"column":15},"end":{"line":42,"column":null}},"type":"cond-expr","locations":[{"start":{"line":42,"column":35},"end":{"line":42,"column":71}},{"start":{"line":42,"column":71},"end":{"line":42,"column":null}}],"line":42},"6":{"loc":{"start":{"line":42,"column":15},"end":{"line":42,"column":35}},"type":"binary-expr","locations":[{"start":{"line":42,"column":15},"end":{"line":42,"column":24}},{"start":{"line":42,"column":24},"end":{"line":42,"column":35}}],"line":42},"7":{"loc":{"start":{"line":44,"column":12},"end":{"line":44,"column":null}},"type":"cond-expr","locations":[{"start":{"line":44,"column":30},"end":{"line":44,"column":40}},{"start":{"line":44,"column":40},"end":{"line":44,"column":null}}],"line":44},"8":{"loc":{"start":{"line":49,"column":9},"end":{"line":62,"column":null}},"type":"cond-expr","locations":[{"start":{"line":50,"column":10},"end":{"line":62,"column":null}},{"start":{"line":62,"column":12},"end":{"line":62,"column":null}}],"line":49},"9":{"loc":{"start":{"line":51,"column":24},"end":{"line":51,"column":null}},"type":"cond-expr","locations":[{"start":{"line":51,"column":44},"end":{"line":51,"column":62}},{"start":{"line":51,"column":62},"end":{"line":51,"column":null}}],"line":51},"10":{"loc":{"start":{"line":56,"column":13},"end":{"line":59,"column":null}},"type":"cond-expr","locations":[{"start":{"line":57,"column":14},"end":{"line":59,"column":15}},{"start":{"line":59,"column":14},"end":{"line":59,"column":null}}],"line":56}},"s":{"0":2,"1":266,"2":266,"3":266,"4":266,"5":266,"6":1,"7":1},"f":{"0":266,"1":1,"2":1},"b":{"0":[266],"1":[126,140],"2":[1,265],"3":[266,106],"4":[126,140],"5":[126,140],"6":[266,126],"7":[106,160],"8":[106,160],"9":[1,105],"10":[1,105]},"meta":{"lastBranch":11,"lastFunction":3,"lastStatement":8,"seen":{"s:7:13:70:Infinity":0,"f:7:13:7:49":0,"b:10:9:10:Infinity":0,"s:19:28:19:Infinity":1,"s:21:27:23:Infinity":2,"b:22:6:22:Infinity:23:6:23:Infinity":1,"s:25:26:25:Infinity":3,"s:26:27:26:Infinity":4,"b:26:66:26:75:26:75:26:Infinity":2,"b:26:27:26:46:26:46:26:66":3,"s:28:2:68:Infinity":5,"b:39:23:39:35:39:35:39:Infinity":4,"b:42:35:42:71:42:71:42:Infinity":5,"b:42:15:42:24:42:24:42:35":6,"b:44:30:44:40:44:40:44:Infinity":7,"b:50:10:62:Infinity:62:12:62:Infinity":8,"b:51:44:51:62:51:62:51:Infinity":9,"f:54:12:54:27":1,"s:54:27:54:Infinity":6,"f:54:27:54:49":2,"s:54:58:54:63":7,"b:57:14:59:15:59:14:59:Infinity":10}}}
,"D:\\popka\\React-2026-Q2-RSSchool\\forms\\src\\components\\FormSelect.tsx": {"path":"D:\\popka\\React-2026-Q2-RSSchool\\forms\\src\\components\\FormSelect.tsx","statementMap":{"0":{"start":{"line":5,"column":13},"end":{"line":50,"column":null}},"1":{"start":{"line":14,"column":27},"end":{"line":16,"column":null}},"2":{"start":{"line":18,"column":2},"end":{"line":48,"column":null}}},"fnMap":{"0":{"name":"(anonymous_0)","decl":{"start":{"line":5,"column":13},"end":{"line":5,"column":50}},"loc":{"start":{"line":13,"column":26},"end":{"line":50,"column":null}},"line":13}},"branchMap":{"0":{"loc":{"start":{"line":14,"column":27},"end":{"line":16,"column":null}},"type":"cond-expr","locations":[{"start":{"line":15,"column":6},"end":{"line":15,"column":null}},{"start":{"line":16,"column":6},"end":{"line":16,"column":null}}],"line":14},"1":{"loc":{"start":{"line":27,"column":13},"end":{"line":27,"column":null}},"type":"cond-expr","locations":[{"start":{"line":27,"column":21},"end":{"line":27,"column":33}},{"start":{"line":27,"column":33},"end":{"line":27,"column":null}}],"line":27},"2":{"loc":{"start":{"line":29,"column":13},"end":{"line":29,"column":null}},"type":"cond-expr","locations":[{"start":{"line":29,"column":33},"end":{"line":29,"column":50}},{"start":{"line":29,"column":50},"end":{"line":29,"column":null}}],"line":29},"3":{"loc":{"start":{"line":29,"column":13},"end":{"line":29,"column":33}},"type":"binary-expr","locations":[{"start":{"line":29,"column":13},"end":{"line":29,"column":22}},{"start":{"line":29,"column":22},"end":{"line":29,"column":33}}],"line":29}},"s":{"0":1,"1":52,"2":52},"f":{"0":52},"b":{"0":[25,27],"1":[25,27],"2":[25,27],"3":[52,25]},"meta":{"lastBranch":4,"lastFunction":1,"lastStatement":3,"seen":{"s:5:13:50:Infinity":0,"f:5:13:5:50":0,"s:14:27:16:Infinity":1,"b:15:6:15:Infinity:16:6:16:Infinity":0,"s:18:2:48:Infinity":2,"b:27:21:27:33:27:33:27:Infinity":1,"b:29:33:29:50:29:50:29:Infinity":2,"b:29:13:29:22:29:22:29:33":3}}}
,"D:\\popka\\React-2026-Q2-RSSchool\\forms\\src\\components\\Modal.tsx": {"path":"D:\\popka\\React-2026-Q2-RSSchool\\forms\\src\\components\\Modal.tsx","statementMap":{"0":{"start":{"line":7,"column":13},"end":{"line":60,"column":null}},"1":{"start":{"line":8,"column":8},"end":{"line":8,"column":null}},"2":{"start":{"line":10,"column":2},"end":{"line":14,"column":null}},"3":{"start":{"line":11,"column":4},"end":{"line":13,"column":null}},"4":{"start":{"line":12,"column":6},"end":{"line":12,"column":null}},"5":{"start":{"line":16,"column":2},"end":{"line":16,"column":null}},"6":{"start":{"line":16,"column":15},"end":{"line":16,"column":null}},"7":{"start":{"line":18,"column":8},"end":{"line":22,"column":null}},"8":{"start":{"line":19,"column":4},"end":{"line":21,"column":null}},"9":{"start":{"line":20,"column":6},"end":{"line":20,"column":null}},"10":{"start":{"line":24,"column":8},"end":{"line":28,"column":null}},"11":{"start":{"line":25,"column":4},"end":{"line":27,"column":null}},"12":{"start":{"line":26,"column":6},"end":{"line":26,"column":null}},"13":{"start":{"line":30,"column":2},"end":{"line":59,"column":null}}},"fnMap":{"0":{"name":"(anonymous_0)","decl":{"start":{"line":7,"column":13},"end":{"line":7,"column":22}},"loc":{"start":{"line":7,"column":75},"end":{"line":60,"column":null}},"line":7},"1":{"name":"(anonymous_1)","decl":{"start":{"line":10,"column":2},"end":{"line":10,"column":18}},"loc":{"start":{"line":10,"column":18},"end":{"line":14,"column":5}},"line":10},"2":{"name":"(anonymous_2)","decl":{"start":{"line":18,"column":8},"end":{"line":18,"column":25}},"loc":{"start":{"line":18,"column":68},"end":{"line":22,"column":null}},"line":18},"3":{"name":"(anonymous_3)","decl":{"start":{"line":24,"column":8},"end":{"line":24,"column":30}},"loc":{"start":{"line":24,"column":70},"end":{"line":28,"column":null}},"line":24}},"branchMap":{"0":{"loc":{"start":{"line":11,"column":4},"end":{"line":13,"column":null}},"type":"if","locations":[{"start":{"line":11,"column":4},"end":{"line":13,"column":null}},{"start":{},"end":{}}],"line":11},"1":{"loc":{"start":{"line":16,"column":2},"end":{"line":16,"column":null}},"type":"if","locations":[{"start":{"line":16,"column":2},"end":{"line":16,"column":null}},{"start":{},"end":{}}],"line":16},"2":{"loc":{"start":{"line":19,"column":4},"end":{"line":21,"column":null}},"type":"if","locations":[{"start":{"line":19,"column":4},"end":{"line":21,"column":null}},{"start":{},"end":{}}],"line":19},"3":{"loc":{"start":{"line":25,"column":4},"end":{"line":27,"column":null}},"type":"if","locations":[{"start":{"line":25,"column":4},"end":{"line":27,"column":null}},{"start":{},"end":{}}],"line":25}},"s":{"0":1,"1":4,"2":4,"3":4,"4":3,"5":4,"6":1,"7":3,"8":1,"9":1,"10":3,"11":1,"12":1,"13":3},"f":{"0":4,"1":4,"2":1,"3":1},"b":{"0":[3,1],"1":[1,3],"2":[1,0],"3":[1,0]},"meta":{"lastBranch":4,"lastFunction":4,"lastStatement":14,"seen":{"s:7:13:60:Infinity":0,"f:7:13:7:22":0,"s:8:8:8:Infinity":1,"s:10:2:14:Infinity":2,"f:10:2:10:18":1,"b:11:4:13:Infinity:undefined:undefined:undefined:undefined":0,"s:11:4:13:Infinity":3,"s:12:6:12:Infinity":4,"b:16:2:16:Infinity:undefined:undefined:undefined:undefined":1,"s:16:2:16:Infinity":5,"s:16:15:16:Infinity":6,"s:18:8:22:Infinity":7,"f:18:8:18:25":2,"b:19:4:21:Infinity:undefined:undefined:undefined:undefined":2,"s:19:4:21:Infinity":8,"s:20:6:20:Infinity":9,"s:24:8:28:Infinity":10,"f:24:8:24:30":3,"b:25:4:27:Infinity:undefined:undefined:undefined:undefined":3,"s:25:4:27:Infinity":11,"s:26:6:26:Infinity":12,"s:30:2:59:Infinity":13}}}
,"D:\\popka\\React-2026-Q2-RSSchool\\forms\\src\\components\\PasswordIndicator.tsx": {"path":"D:\\popka\\React-2026-Q2-RSSchool\\forms\\src\\components\\PasswordIndicator.tsx","statementMap":{"0":{"start":{"line":5,"column":13},"end":{"line":33,"column":null}},"1":{"start":{"line":6,"column":8},"end":{"line":6,"column":null}},"2":{"start":{"line":8,"column":2},"end":{"line":31,"column":null}}},"fnMap":{"0":{"name":"(anonymous_0)","decl":{"start":{"line":5,"column":13},"end":{"line":5,"column":63}},"loc":{"start":{"line":5,"column":77},"end":{"line":33,"column":null}},"line":5}},"branchMap":{"0":{"loc":{"start":{"line":11,"column":40},"end":{"line":11,"column":null}},"type":"cond-expr","locations":[{"start":{"line":11,"column":60},"end":{"line":11,"column":81}},{"start":{"line":11,"column":81},"end":{"line":11,"column":null}}],"line":11},"1":{"loc":{"start":{"line":13,"column":32},"end":{"line":13,"column":68}},"type":"cond-expr","locations":[{"start":{"line":13,"column":52},"end":{"line":13,"column":58}},{"start":{"line":13,"column":58},"end":{"line":13,"column":68}}],"line":13},"2":{"loc":{"start":{"line":16,"column":40},"end":{"line":16,"column":null}},"type":"cond-expr","locations":[{"start":{"line":16,"column":59},"end":{"line":16,"column":80}},{"start":{"line":16,"column":80},"end":{"line":16,"column":null}}],"line":16},"3":{"loc":{"start":{"line":18,"column":32},"end":{"line":18,"column":67}},"type":"cond-expr","locations":[{"start":{"line":18,"column":51},"end":{"line":18,"column":57}},{"start":{"line":18,"column":57},"end":{"line":18,"column":67}}],"line":18},"4":{"loc":{"start":{"line":21,"column":40},"end":{"line":21,"column":null}},"type":"cond-expr","locations":[{"start":{"line":21,"column":59},"end":{"line":21,"column":80}},{"start":{"line":21,"column":80},"end":{"line":21,"column":null}}],"line":21},"5":{"loc":{"start":{"line":23,"column":32},"end":{"line":23,"column":67}},"type":"cond-expr","locations":[{"start":{"line":23,"column":51},"end":{"line":23,"column":57}},{"start":{"line":23,"column":57},"end":{"line":23,"column":67}}],"line":23},"6":{"loc":{"start":{"line":26,"column":40},"end":{"line":26,"column":null}},"type":"cond-expr","locations":[{"start":{"line":26,"column":61},"end":{"line":26,"column":82}},{"start":{"line":26,"column":82},"end":{"line":26,"column":null}}],"line":26},"7":{"loc":{"start":{"line":28,"column":32},"end":{"line":28,"column":69}},"type":"cond-expr","locations":[{"start":{"line":28,"column":53},"end":{"line":28,"column":59}},{"start":{"line":28,"column":59},"end":{"line":28,"column":69}}],"line":28}},"s":{"0":1,"1":52,"2":52},"f":{"0":52},"b":{"0":[26,26],"1":[26,26],"2":[25,27],"3":[25,27],"4":[25,27],"5":[25,27],"6":[25,27],"7":[25,27]},"meta":{"lastBranch":8,"lastFunction":1,"lastStatement":3,"seen":{"s:5:13:33:Infinity":0,"f:5:13:5:63":0,"s:6:8:6:Infinity":1,"s:8:2:31:Infinity":2,"b:11:60:11:81:11:81:11:Infinity":0,"b:13:52:13:58:13:58:13:68":1,"b:16:59:16:80:16:80:16:Infinity":2,"b:18:51:18:57:18:57:18:67":3,"b:21:59:21:80:21:80:21:Infinity":4,"b:23:51:23:57:23:57:23:67":5,"b:26:61:26:82:26:82:26:Infinity":6,"b:28:53:28:59:28:59:28:69":7}}}
,"D:\\popka\\React-2026-Q2-RSSchool\\forms\\src\\components\\UnifiedForm.tsx": {"path":"D:\\popka\\React-2026-Q2-RSSchool\\forms\\src\\components\\UnifiedForm.tsx","statementMap":{"0":{"start":{"line":14,"column":13},"end":{"line":296,"column":null}},"1":{"start":{"line":18,"column":16},"end":{"line":18,"column":null}},"2":{"start":{"line":27,"column":36},"end":{"line":42,"column":null}},"3":{"start":{"line":44,"column":8},"end":{"line":48,"column":null}},"4":{"start":{"line":49,"column":8},"end":{"line":49,"column":null}},"5":{"start":{"line":51,"column":20},"end":{"line":51,"column":null}},"6":{"start":{"line":52,"column":23},"end":{"line":52,"column":null}},"7":{"start":{"line":53,"column":26},"end":{"line":53,"column":null}},"8":{"start":{"line":54,"column":25},"end":{"line":54,"column":null}},"9":{"start":{"line":56,"column":8},"end":{"line":56,"column":null}},"10":{"start":{"line":57,"column":8},"end":{"line":57,"column":null}},"11":{"start":{"line":58,"column":8},"end":{"line":58,"column":null}},"12":{"start":{"line":59,"column":8},"end":{"line":59,"column":null}},"13":{"start":{"line":60,"column":8},"end":{"line":60,"column":null}},"14":{"start":{"line":61,"column":8},"end":{"line":61,"column":null}},"15":{"start":{"line":62,"column":8},"end":{"line":62,"column":null}},"16":{"start":{"line":64,"column":8},"end":{"line":119,"column":null}},"17":{"start":{"line":65,"column":17},"end":{"line":65,"column":null}},"18":{"start":{"line":66,"column":4},"end":{"line":66,"column":null}},"19":{"start":{"line":66,"column":15},"end":{"line":66,"column":null}},"20":{"start":{"line":68,"column":26},"end":{"line":68,"column":null}},"21":{"start":{"line":69,"column":26},"end":{"line":69,"column":null}},"22":{"start":{"line":71,"column":4},"end":{"line":106,"column":null}},"23":{"start":{"line":72,"column":6},"end":{"line":79,"column":null}},"24":{"start":{"line":73,"column":8},"end":{"line":76,"column":null}},"25":{"start":{"line":77,"column":8},"end":{"line":77,"column":null}},"26":{"start":{"line":78,"column":8},"end":{"line":78,"column":null}},"27":{"start":{"line":80,"column":6},"end":{"line":87,"column":null}},"28":{"start":{"line":81,"column":8},"end":{"line":84,"column":null}},"29":{"start":{"line":85,"column":8},"end":{"line":85,"column":null}},"30":{"start":{"line":86,"column":8},"end":{"line":86,"column":null}},"31":{"start":{"line":88,"column":6},"end":{"line":88,"column":null}},"32":{"start":{"line":90,"column":6},"end":{"line":96,"column":null}},"33":{"start":{"line":91,"column":8},"end":{"line":94,"column":null}},"34":{"start":{"line":91,"column":32},"end":{"line":94,"column":10}},"35":{"start":{"line":95,"column":8},"end":{"line":95,"column":null}},"36":{"start":{"line":97,"column":6},"end":{"line":100,"column":null}},"37":{"start":{"line":98,"column":8},"end":{"line":98,"column":null}},"38":{"start":{"line":98,"column":32},"end":{"line":98,"column":78}},"39":{"start":{"line":99,"column":8},"end":{"line":99,"column":null}},"40":{"start":{"line":101,"column":6},"end":{"line":105,"column":null}},"41":{"start":{"line":102,"column":21},"end":{"line":102,"column":null}},"42":{"start":{"line":103,"column":8},"end":{"line":103,"column":null}},"43":{"start":{"line":104,"column":8},"end":{"line":104,"column":null}},"44":{"start":{"line":108,"column":19},"end":{"line":108,"column":null}},"45":{"start":{"line":109,"column":4},"end":{"line":117,"column":null}},"46":{"start":{"line":110,"column":6},"end":{"line":116,"column":null}},"47":{"start":{"line":111,"column":8},"end":{"line":115,"column":null}},"48":{"start":{"line":112,"column":10},"end":{"line":112,"column":null}},"49":{"start":{"line":114,"column":10},"end":{"line":114,"column":null}},"50":{"start":{"line":118,"column":4},"end":{"line":118,"column":null}},"51":{"start":{"line":121,"column":8},"end":{"line":151,"column":null}},"52":{"start":{"line":122,"column":4},"end":{"line":122,"column":null}},"53":{"start":{"line":123,"column":19},"end":{"line":123,"column":null}},"54":{"start":{"line":124,"column":20},"end":{"line":135,"column":null}},"55":{"start":{"line":137,"column":19},"end":{"line":137,"column":null}},"56":{"start":{"line":138,"column":4},"end":{"line":150,"column":null}},"57":{"start":{"line":139,"column":54},"end":{"line":139,"column":null}},"58":{"start":{"line":140,"column":6},"end":{"line":145,"column":null}},"59":{"start":{"line":141,"column":25},"end":{"line":141,"column":null}},"60":{"start":{"line":142,"column":8},"end":{"line":144,"column":null}},"61":{"start":{"line":143,"column":10},"end":{"line":143,"column":null}},"62":{"start":{"line":146,"column":6},"end":{"line":146,"column":null}},"63":{"start":{"line":148,"column":6},"end":{"line":148,"column":null}},"64":{"start":{"line":149,"column":6},"end":{"line":149,"column":null}},"65":{"start":{"line":153,"column":2},"end":{"line":294,"column":null}},"66":{"start":{"line":222,"column":12},"end":{"line":226,"column":null}},"67":{"start":{"line":223,"column":14},"end":{"line":223,"column":null}},"68":{"start":{"line":225,"column":14},"end":{"line":225,"column":null}},"69":{"start":{"line":254,"column":10},"end":{"line":258,"column":null}},"70":{"start":{"line":255,"column":12},"end":{"line":255,"column":null}},"71":{"start":{"line":257,"column":12},"end":{"line":257,"column":null}},"72":{"start":{"line":261,"column":10},"end":{"line":265,"column":null}},"73":{"start":{"line":262,"column":12},"end":{"line":262,"column":null}},"74":{"start":{"line":264,"column":12},"end":{"line":264,"column":null}}},"fnMap":{"0":{"name":"(anonymous_0)","decl":{"start":{"line":14,"column":13},"end":{"line":14,"column":56}},"loc":{"start":{"line":17,"column":6},"end":{"line":296,"column":null}},"line":17},"1":{"name":"(anonymous_1)","decl":{"start":{"line":64,"column":8},"end":{"line":64,"column":33}},"loc":{"start":{"line":64,"column":76},"end":{"line":119,"column":null}},"line":64},"2":{"name":"(anonymous_2)","decl":{"start":{"line":91,"column":8},"end":{"line":91,"column":22}},"loc":{"start":{"line":91,"column":32},"end":{"line":94,"column":10}},"line":91},"3":{"name":"(anonymous_3)","decl":{"start":{"line":98,"column":8},"end":{"line":98,"column":22}},"loc":{"start":{"line":98,"column":32},"end":{"line":98,"column":78}},"line":98},"4":{"name":"(anonymous_4)","decl":{"start":{"line":101,"column":6},"end":{"line":101,"column":20}},"loc":{"start":{"line":101,"column":29},"end":{"line":105,"column":7}},"line":101},"5":{"name":"(anonymous_5)","decl":{"start":{"line":109,"column":11},"end":{"line":109,"column":29}},"loc":{"start":{"line":109,"column":29},"end":{"line":117,"column":null}},"line":109},"6":{"name":"(anonymous_6)","decl":{"start":{"line":121,"column":8},"end":{"line":121,"column":36}},"loc":{"start":{"line":121,"column":76},"end":{"line":151,"column":null}},"line":121},"7":{"name":"(anonymous_7)","decl":{"start":{"line":140,"column":26},"end":{"line":140,"column":35}},"loc":{"start":{"line":140,"column":45},"end":{"line":145,"column":7}},"line":140},"8":{"name":"(anonymous_8)","decl":{"start":{"line":221,"column":10},"end":{"line":221,"column":21}},"loc":{"start":{"line":221,"column":27},"end":{"line":227,"column":null}},"line":221},"9":{"name":"(anonymous_9)","decl":{"start":{"line":253,"column":8},"end":{"line":253,"column":31}},"loc":{"start":{"line":253,"column":37},"end":{"line":259,"column":null}},"line":253},"10":{"name":"(anonymous_10)","decl":{"start":{"line":260,"column":8},"end":{"line":260,"column":19}},"loc":{"start":{"line":260,"column":25},"end":{"line":266,"column":null}},"line":260}},"branchMap":{"0":{"loc":{"start":{"line":66,"column":4},"end":{"line":66,"column":null}},"type":"if","locations":[{"start":{"line":66,"column":4},"end":{"line":66,"column":null}},{"start":{},"end":{}}],"line":66},"1":{"loc":{"start":{"line":71,"column":4},"end":{"line":106,"column":null}},"type":"if","locations":[{"start":{"line":71,"column":4},"end":{"line":106,"column":null}},{"start":{"line":89,"column":11},"end":{"line":106,"column":null}}],"line":71},"2":{"loc":{"start":{"line":72,"column":6},"end":{"line":79,"column":null}},"type":"if","locations":[{"start":{"line":72,"column":6},"end":{"line":79,"column":null}},{"start":{},"end":{}}],"line":72},"3":{"loc":{"start":{"line":80,"column":6},"end":{"line":87,"column":null}},"type":"if","locations":[{"start":{"line":80,"column":6},"end":{"line":87,"column":null}},{"start":{},"end":{}}],"line":80},"4":{"loc":{"start":{"line":90,"column":6},"end":{"line":96,"column":null}},"type":"if","locations":[{"start":{"line":90,"column":6},"end":{"line":96,"column":null}},{"start":{},"end":{}}],"line":90},"5":{"loc":{"start":{"line":97,"column":6},"end":{"line":100,"column":null}},"type":"if","locations":[{"start":{"line":97,"column":6},"end":{"line":100,"column":null}},{"start":{},"end":{}}],"line":97},"6":{"loc":{"start":{"line":110,"column":6},"end":{"line":116,"column":null}},"type":"if","locations":[{"start":{"line":110,"column":6},"end":{"line":116,"column":null}},{"start":{},"end":{}}],"line":110},"7":{"loc":{"start":{"line":111,"column":8},"end":{"line":115,"column":null}},"type":"if","locations":[{"start":{"line":111,"column":8},"end":{"line":115,"column":null}},{"start":{"line":113,"column":15},"end":{"line":115,"column":null}}],"line":111},"8":{"loc":{"start":{"line":125,"column":12},"end":{"line":125,"column":null}},"type":"binary-expr","locations":[{"start":{"line":125,"column":12},"end":{"line":125,"column":38}},{"start":{"line":125,"column":38},"end":{"line":125,"column":null}}],"line":125},"9":{"loc":{"start":{"line":126,"column":11},"end":{"line":126,"column":null}},"type":"cond-expr","locations":[{"start":{"line":126,"column":51},"end":{"line":126,"column":63}},{"start":{"line":126,"column":63},"end":{"line":126,"column":null}}],"line":126},"10":{"loc":{"start":{"line":126,"column":11},"end":{"line":126,"column":51}},"type":"binary-expr","locations":[{"start":{"line":126,"column":11},"end":{"line":126,"column":28}},{"start":{"line":126,"column":28},"end":{"line":126,"column":51}}],"line":126},"11":{"loc":{"start":{"line":127,"column":13},"end":{"line":127,"column":null}},"type":"binary-expr","locations":[{"start":{"line":127,"column":13},"end":{"line":127,"column":40}},{"start":{"line":127,"column":40},"end":{"line":127,"column":null}}],"line":127},"12":{"loc":{"start":{"line":129,"column":8},"end":{"line":129,"column":null}},"type":"cond-expr","locations":[{"start":{"line":129,"column":42},"end":{"line":129,"column":54}},{"start":{"line":129,"column":54},"end":{"line":129,"column":null}}],"line":129},"13":{"loc":{"start":{"line":130,"column":19},"end":{"line":130,"column":null}},"type":"binary-expr","locations":[{"start":{"line":130,"column":19},"end":{"line":130,"column":48}},{"start":{"line":130,"column":48},"end":{"line":130,"column":null}}],"line":130},"14":{"loc":{"start":{"line":132,"column":16},"end":{"line":132,"column":null}},"type":"binary-expr","locations":[{"start":{"line":132,"column":16},"end":{"line":132,"column":46}},{"start":{"line":132,"column":46},"end":{"line":132,"column":null}}],"line":132},"15":{"loc":{"start":{"line":133,"column":23},"end":{"line":133,"column":null}},"type":"binary-expr","locations":[{"start":{"line":133,"column":23},"end":{"line":133,"column":60}},{"start":{"line":133,"column":60},"end":{"line":133,"column":null}}],"line":133},"16":{"loc":{"start":{"line":138,"column":4},"end":{"line":150,"column":null}},"type":"if","locations":[{"start":{"line":138,"column":4},"end":{"line":150,"column":null}},{"start":{"line":147,"column":11},"end":{"line":150,"column":null}}],"line":138},"17":{"loc":{"start":{"line":142,"column":8},"end":{"line":144,"column":null}},"type":"if","locations":[{"start":{"line":142,"column":8},"end":{"line":144,"column":null}},{"start":{},"end":{}}],"line":142},"18":{"loc":{"start":{"line":157,"column":8},"end":{"line":157,"column":null}},"type":"cond-expr","locations":[{"start":{"line":157,"column":16},"end":{"line":157,"column":48}},{"start":{"line":157,"column":48},"end":{"line":157,"column":null}}],"line":157},"19":{"loc":{"start":{"line":161,"column":15},"end":{"line":161,"column":null}},"type":"cond-expr","locations":[{"start":{"line":161,"column":23},"end":{"line":161,"column":49}},{"start":{"line":161,"column":49},"end":{"line":161,"column":null}}],"line":161},"20":{"loc":{"start":{"line":171,"column":15},"end":{"line":171,"column":null}},"type":"cond-expr","locations":[{"start":{"line":171,"column":23},"end":{"line":171,"column":48}},{"start":{"line":171,"column":48},"end":{"line":171,"column":null}}],"line":171},"21":{"loc":{"start":{"line":181,"column":15},"end":{"line":181,"column":null}},"type":"cond-expr","locations":[{"start":{"line":181,"column":23},"end":{"line":181,"column":50}},{"start":{"line":181,"column":50},"end":{"line":181,"column":null}}],"line":181},"22":{"loc":{"start":{"line":191,"column":15},"end":{"line":191,"column":null}},"type":"cond-expr","locations":[{"start":{"line":191,"column":23},"end":{"line":191,"column":51}},{"start":{"line":191,"column":51},"end":{"line":191,"column":null}}],"line":191},"23":{"loc":{"start":{"line":202,"column":15},"end":{"line":202,"column":null}},"type":"cond-expr","locations":[{"start":{"line":202,"column":23},"end":{"line":202,"column":50}},{"start":{"line":202,"column":50},"end":{"line":202,"column":null}}],"line":202},"24":{"loc":{"start":{"line":213,"column":17},"end":{"line":213,"column":null}},"type":"cond-expr","locations":[{"start":{"line":213,"column":25},"end":{"line":213,"column":55}},{"start":{"line":213,"column":55},"end":{"line":213,"column":null}}],"line":213},"25":{"loc":{"start":{"line":222,"column":12},"end":{"line":226,"column":null}},"type":"if","locations":[{"start":{"line":222,"column":12},"end":{"line":226,"column":null}},{"start":{"line":224,"column":19},"end":{"line":226,"column":null}}],"line":222},"26":{"loc":{"start":{"line":229,"column":34},"end":{"line":229,"column":73}},"type":"cond-expr","locations":[{"start":{"line":229,"column":42},"end":{"line":229,"column":58}},{"start":{"line":229,"column":58},"end":{"line":229,"column":73}}],"line":229},"27":{"loc":{"start":{"line":234,"column":10},"end":{"line":234,"column":null}},"type":"cond-expr","locations":[{"start":{"line":234,"column":18},"end":{"line":234,"column":55}},{"start":{"line":234,"column":55},"end":{"line":234,"column":null}}],"line":234},"28":{"loc":{"start":{"line":246,"column":15},"end":{"line":246,"column":null}},"type":"cond-expr","locations":[{"start":{"line":246,"column":23},"end":{"line":246,"column":52}},{"start":{"line":246,"column":52},"end":{"line":246,"column":null}}],"line":246},"29":{"loc":{"start":{"line":252,"column":15},"end":{"line":252,"column":null}},"type":"cond-expr","locations":[{"start":{"line":252,"column":23},"end":{"line":252,"column":38}},{"start":{"line":252,"column":38},"end":{"line":252,"column":null}}],"line":252},"30":{"loc":{"start":{"line":254,"column":10},"end":{"line":258,"column":null}},"type":"if","locations":[{"start":{"line":254,"column":10},"end":{"line":258,"column":null}},{"start":{"line":256,"column":17},"end":{"line":258,"column":null}}],"line":254},"31":{"loc":{"start":{"line":261,"column":10},"end":{"line":265,"column":null}},"type":"if","locations":[{"start":{"line":261,"column":10},"end":{"line":265,"column":null}},{"start":{"line":263,"column":17},"end":{"line":265,"column":null}}],"line":261},"32":{"loc":{"start":{"line":277,"column":10},"end":{"line":279,"column":null}},"type":"cond-expr","locations":[{"start":{"line":278,"column":14},"end":{"line":278,"column":null}},{"start":{"line":279,"column":14},"end":{"line":279,"column":null}}],"line":277},"33":{"loc":{"start":{"line":279,"column":14},"end":{"line":279,"column":null}},"type":"binary-expr","locations":[{"start":{"line":279,"column":14},"end":{"line":279,"column":39}},{"start":{"line":279,"column":39},"end":{"line":279,"column":null}}],"line":279},"34":{"loc":{"start":{"line":285,"column":18},"end":{"line":285,"column":null}},"type":"cond-expr","locations":[{"start":{"line":285,"column":26},"end":{"line":285,"column":37}},{"start":{"line":285,"column":37},"end":{"line":285,"column":null}}],"line":285},"35":{"loc":{"start":{"line":287,"column":10},"end":{"line":289,"column":null}},"type":"cond-expr","locations":[{"start":{"line":288,"column":14},"end":{"line":288,"column":null}},{"start":{"line":289,"column":14},"end":{"line":289,"column":null}}],"line":287}},"s":{"0":1,"1":52,"2":52,"3":52,"4":52,"5":52,"6":52,"7":52,"8":52,"9":52,"10":52,"11":52,"12":52,"13":52,"14":52,"15":52,"16":52,"17":7,"18":7,"19":0,"20":7,"21":7,"22":7,"23":3,"24":1,"25":1,"26":1,"27":2,"28":1,"29":1,"30":1,"31":1,"32":4,"33":1,"34":1,"35":1,"36":3,"37":1,"38":1,"39":1,"40":2,"41":2,"42":2,"43":2,"44":3,"45":3,"46":3,"47":3,"48":1,"49":2,"50":3,"51":52,"52":3,"53":3,"54":3,"55":3,"56":3,"57":1,"58":1,"59":9,"60":9,"61":9,"62":1,"63":2,"64":2,"65":52,"66":6,"67":2,"68":4,"69":2,"70":0,"71":2,"72":4,"73":2,"74":2},"f":{"0":52,"1":7,"2":1,"3":1,"4":2,"5":3,"6":3,"7":9,"8":6,"9":2,"10":4},"b":{"0":[0,7],"1":[3,4],"2":[1,2],"3":[1,1],"4":[1,3],"5":[1,2],"6":[3,0],"7":[1,2],"8":[3,0],"9":[1,2],"10":[3,2],"11":[3,0],"12":[1,2],"13":[3,1],"14":[3,1],"15":[3,1],"16":[1,2],"17":[9,0],"18":[25,27],"19":[25,27],"20":[25,27],"21":[25,27],"22":[25,27],"23":[25,27],"24":[25,27],"25":[2,4],"26":[25,27],"27":[25,27],"28":[25,27],"29":[25,27],"30":[0,2],"31":[2,2],"32":[25,27],"33":[27,26],"34":[25,27],"35":[25,27]},"meta":{"lastBranch":36,"lastFunction":11,"lastStatement":75,"seen":{"s:14:13:296:Infinity":0,"f:14:13:14:56":0,"s:18:16:18:Infinity":1,"s:27:36:42:Infinity":2,"s:44:8:48:Infinity":3,"s:49:8:49:Infinity":4,"s:51:20:51:Infinity":5,"s:52:23:52:Infinity":6,"s:53:26:53:Infinity":7,"s:54:25:54:Infinity":8,"s:56:8:56:Infinity":9,"s:57:8:57:Infinity":10,"s:58:8:58:Infinity":11,"s:59:8:59:Infinity":12,"s:60:8:60:Infinity":13,"s:61:8:61:Infinity":14,"s:62:8:62:Infinity":15,"s:64:8:119:Infinity":16,"f:64:8:64:33":1,"s:65:17:65:Infinity":17,"b:66:4:66:Infinity:undefined:undefined:undefined:undefined":0,"s:66:4:66:Infinity":18,"s:66:15:66:Infinity":19,"s:68:26:68:Infinity":20,"s:69:26:69:Infinity":21,"b:71:4:106:Infinity:89:11:106:Infinity":1,"s:71:4:106:Infinity":22,"b:72:6:79:Infinity:undefined:undefined:undefined:undefined":2,"s:72:6:79:Infinity":23,"s:73:8:76:Infinity":24,"s:77:8:77:Infinity":25,"s:78:8:78:Infinity":26,"b:80:6:87:Infinity:undefined:undefined:undefined:undefined":3,"s:80:6:87:Infinity":27,"s:81:8:84:Infinity":28,"s:85:8:85:Infinity":29,"s:86:8:86:Infinity":30,"s:88:6:88:Infinity":31,"b:90:6:96:Infinity:undefined:undefined:undefined:undefined":4,"s:90:6:96:Infinity":32,"s:91:8:94:Infinity":33,"f:91:8:91:22":2,"s:91:32:94:10":34,"s:95:8:95:Infinity":35,"b:97:6:100:Infinity:undefined:undefined:undefined:undefined":5,"s:97:6:100:Infinity":36,"s:98:8:98:Infinity":37,"f:98:8:98:22":3,"s:98:32:98:78":38,"s:99:8:99:Infinity":39,"s:101:6:105:Infinity":40,"f:101:6:101:20":4,"s:102:21:102:Infinity":41,"s:103:8:103:Infinity":42,"s:104:8:104:Infinity":43,"s:108:19:108:Infinity":44,"s:109:4:117:Infinity":45,"f:109:11:109:29":5,"b:110:6:116:Infinity:undefined:undefined:undefined:undefined":6,"s:110:6:116:Infinity":46,"b:111:8:115:Infinity:113:15:115:Infinity":7,"s:111:8:115:Infinity":47,"s:112:10:112:Infinity":48,"s:114:10:114:Infinity":49,"s:118:4:118:Infinity":50,"s:121:8:151:Infinity":51,"f:121:8:121:36":6,"s:122:4:122:Infinity":52,"s:123:19:123:Infinity":53,"s:124:20:135:Infinity":54,"b:125:12:125:38:125:38:125:Infinity":8,"b:126:51:126:63:126:63:126:Infinity":9,"b:126:11:126:28:126:28:126:51":10,"b:127:13:127:40:127:40:127:Infinity":11,"b:129:42:129:54:129:54:129:Infinity":12,"b:130:19:130:48:130:48:130:Infinity":13,"b:132:16:132:46:132:46:132:Infinity":14,"b:133:23:133:60:133:60:133:Infinity":15,"s:137:19:137:Infinity":55,"b:138:4:150:Infinity:147:11:150:Infinity":16,"s:138:4:150:Infinity":56,"s:139:54:139:Infinity":57,"s:140:6:145:Infinity":58,"f:140:26:140:35":7,"s:141:25:141:Infinity":59,"b:142:8:144:Infinity:undefined:undefined:undefined:undefined":17,"s:142:8:144:Infinity":60,"s:143:10:143:Infinity":61,"s:146:6:146:Infinity":62,"s:148:6:148:Infinity":63,"s:149:6:149:Infinity":64,"s:153:2:294:Infinity":65,"b:157:16:157:48:157:48:157:Infinity":18,"b:161:23:161:49:161:49:161:Infinity":19,"b:171:23:171:48:171:48:171:Infinity":20,"b:181:23:181:50:181:50:181:Infinity":21,"b:191:23:191:51:191:51:191:Infinity":22,"b:202:23:202:50:202:50:202:Infinity":23,"b:213:25:213:55:213:55:213:Infinity":24,"f:221:10:221:21":8,"b:222:12:226:Infinity:224:19:226:Infinity":25,"s:222:12:226:Infinity":66,"s:223:14:223:Infinity":67,"s:225:14:225:Infinity":68,"b:229:42:229:58:229:58:229:73":26,"b:234:18:234:55:234:55:234:Infinity":27,"b:246:23:246:52:246:52:246:Infinity":28,"b:252:23:252:38:252:38:252:Infinity":29,"f:253:8:253:31":9,"b:254:10:258:Infinity:256:17:258:Infinity":30,"s:254:10:258:Infinity":69,"s:255:12:255:Infinity":70,"s:257:12:257:Infinity":71,"f:260:8:260:19":10,"b:261:10:265:Infinity:263:17:265:Infinity":31,"s:261:10:265:Infinity":72,"s:262:12:262:Infinity":73,"s:264:12:264:Infinity":74,"b:278:14:278:Infinity:279:14:279:Infinity":32,"b:279:14:279:39:279:39:279:Infinity":33,"b:285:26:285:37:285:37:285:Infinity":34,"b:288:14:288:Infinity:289:14:289:Infinity":35}}}
,"D:\\popka\\React-2026-Q2-RSSchool\\forms\\src\\store\\profileSlice.ts": {"path":"D:\\popka\\React-2026-Q2-RSSchool\\forms\\src\\store\\profileSlice.ts","statementMap":{"0":{"start":{"line":9,"column":35},"end":{"line":11,"column":null}},"1":{"start":{"line":13,"column":13},"end":{"line":21,"column":null}},"2":{"start":{"line":18,"column":6},"end":{"line":18,"column":null}},"3":{"start":{"line":23,"column":33},"end":{"line":23,"column":null}}},"fnMap":{"0":{"name":"(anonymous_0)","decl":{"start":{"line":17,"column":4},"end":{"line":17,"column":20}},"loc":{"start":{"line":17,"column":65},"end":{"line":19,"column":null}},"line":17}},"branchMap":{},"s":{"0":2,"1":2,"2":1,"3":2},"f":{"0":1},"b":{},"meta":{"lastBranch":0,"lastFunction":1,"lastStatement":4,"seen":{"s:9:35:11:Infinity":0,"s:13:13:21:Infinity":1,"f:17:4:17:20":0,"s:18:6:18:Infinity":2,"s:23:33:23:Infinity":3}}}
,"D:\\popka\\React-2026-Q2-RSSchool\\forms\\src\\store\\store.ts": {"path":"D:\\popka\\React-2026-Q2-RSSchool\\forms\\src\\store\\store.ts","statementMap":{"0":{"start":{"line":10,"column":13},"end":{"line":14,"column":null}},"1":{"start":{"line":19,"column":13},"end":{"line":19,"column":null}},"2":{"start":{"line":20,"column":63},"end":{"line":20,"column":null}}},"fnMap":{"0":{"name":"(anonymous_0)","decl":{"start":{"line":19,"column":13},"end":{"line":19,"column":36}},"loc":{"start":{"line":19,"column":13},"end":{"line":19,"column":null}},"line":19}},"branchMap":{},"s":{"0":1,"1":1,"2":1},"f":{"0":1},"b":{},"meta":{"lastBranch":0,"lastFunction":1,"lastStatement":3,"seen":{"s:10:13:14:Infinity":0,"s:19:13:19:Infinity":1,"f:19:13:19:36":0,"s:20:63:20:Infinity":2}}}
,"D:\\popka\\React-2026-Q2-RSSchool\\forms\\src\\utils\\FormHelpers.ts": {"path":"D:\\popka\\React-2026-Q2-RSSchool\\forms\\src\\utils\\FormHelpers.ts","statementMap":{"0":{"start":{"line":1,"column":13},"end":{"line":8,"column":null}},"1":{"start":{"line":2,"column":2},"end":{"line":7,"column":null}},"2":{"start":{"line":10,"column":13},"end":{"line":21,"column":null}},"3":{"start":{"line":11,"column":2},"end":{"line":11,"column":null}},"4":{"start":{"line":11,"column":14},"end":{"line":11,"column":null}},"5":{"start":{"line":12,"column":16},"end":{"line":12,"column":null}},"6":{"start":{"line":13,"column":2},"end":{"line":13,"column":null}},"7":{"start":{"line":13,"column":26},"end":{"line":13,"column":null}},"8":{"start":{"line":15,"column":26},"end":{"line":15,"column":null}},"9":{"start":{"line":16,"column":2},"end":{"line":16,"column":null}},"10":{"start":{"line":16,"column":25},"end":{"line":16,"column":null}},"11":{"start":{"line":17,"column":2},"end":{"line":18,"column":null}},"12":{"start":{"line":18,"column":4},"end":{"line":18,"column":null}},"13":{"start":{"line":20,"column":2},"end":{"line":20,"column":null}}},"fnMap":{"0":{"name":"(anonymous_0)","decl":{"start":{"line":1,"column":13},"end":{"line":1,"column":38}},"loc":{"start":{"line":1,"column":59},"end":{"line":8,"column":null}},"line":1},"1":{"name":"(anonymous_1)","decl":{"start":{"line":10,"column":13},"end":{"line":10,"column":42}},"loc":{"start":{"line":10,"column":69},"end":{"line":21,"column":null}},"line":10}},"branchMap":{"0":{"loc":{"start":{"line":11,"column":2},"end":{"line":11,"column":null}},"type":"if","locations":[{"start":{"line":11,"column":2},"end":{"line":11,"column":null}},{"start":{},"end":{}}],"line":11},"1":{"loc":{"start":{"line":13,"column":2},"end":{"line":13,"column":null}},"type":"if","locations":[{"start":{"line":13,"column":2},"end":{"line":13,"column":null}},{"start":{},"end":{}}],"line":13},"2":{"loc":{"start":{"line":16,"column":2},"end":{"line":16,"column":null}},"type":"if","locations":[{"start":{"line":16,"column":2},"end":{"line":16,"column":null}},{"start":{},"end":{}}],"line":16},"3":{"loc":{"start":{"line":16,"column":6},"end":{"line":16,"column":25}},"type":"binary-expr","locations":[{"start":{"line":16,"column":6},"end":{"line":16,"column":16}},{"start":{"line":16,"column":16},"end":{"line":16,"column":25}}],"line":16},"4":{"loc":{"start":{"line":17,"column":2},"end":{"line":18,"column":null}},"type":"if","locations":[{"start":{"line":17,"column":2},"end":{"line":18,"column":null}},{"start":{},"end":{}}],"line":17},"5":{"loc":{"start":{"line":17,"column":6},"end":{"line":17,"column":null}},"type":"binary-expr","locations":[{"start":{"line":17,"column":6},"end":{"line":17,"column":31}},{"start":{"line":17,"column":31},"end":{"line":17,"column":57}},{"start":{"line":17,"column":57},"end":{"line":17,"column":null}}],"line":17}},"s":{"0":3,"1":54,"2":3,"3":30,"4":19,"5":11,"6":11,"7":3,"8":8,"9":8,"10":2,"11":6,"12":2,"13":4},"f":{"0":54,"1":30},"b":{"0":[19,11],"1":[3,8],"2":[2,6],"3":[8,7],"4":[2,4],"5":[6,5,5]},"meta":{"lastBranch":6,"lastFunction":2,"lastStatement":14,"seen":{"s:1:13:8:Infinity":0,"f:1:13:1:38":0,"s:2:2:7:Infinity":1,"s:10:13:21:Infinity":2,"f:10:13:10:42":1,"b:11:2:11:Infinity:undefined:undefined:undefined:undefined":0,"s:11:2:11:Infinity":3,"s:11:14:11:Infinity":4,"s:12:16:12:Infinity":5,"b:13:2:13:Infinity:undefined:undefined:undefined:undefined":1,"s:13:2:13:Infinity":6,"s:13:26:13:Infinity":7,"s:15:26:15:Infinity":8,"b:16:2:16:Infinity:undefined:undefined:undefined:undefined":2,"s:16:2:16:Infinity":9,"b:16:6:16:16:16:16:16:25":3,"s:16:25:16:Infinity":10,"b:17:2:18:Infinity:undefined:undefined:undefined:undefined":4,"s:17:2:18:Infinity":11,"b:17:6:17:31:17:31:17:57:17:57:17:Infinity":5,"s:18:4:18:Infinity":12,"s:20:2:20:Infinity":13}}}
,"D:\\popka\\React-2026-Q2-RSSchool\\forms\\src\\utils\\ValidationSchema.ts": {"path":"D:\\popka\\React-2026-Q2-RSSchool\\forms\\src\\utils\\ValidationSchema.ts","statementMap":{"0":{"start":{"line":6,"column":22},"end":{"line":6,"column":null}},"1":{"start":{"line":8,"column":29},"end":{"line":52,"column":null}},"2":{"start":{"line":14,"column":8},"end":{"line":14,"column":null}},"3":{"start":{"line":14,"column":30},"end":{"line":14,"column":null}},"4":{"start":{"line":15,"column":26},"end":{"line":15,"column":null}},"5":{"start":{"line":16,"column":8},"end":{"line":18,"column":null}},"6":{"start":{"line":28,"column":9},"end":{"line":28,"column":null}},"7":{"start":{"line":36,"column":23},"end":{"line":36,"column":37}},"8":{"start":{"line":45,"column":18},"end":{"line":45,"column":null}},"9":{"start":{"line":49,"column":20},"end":{"line":49,"column":60}}},"fnMap":{"0":{"name":"(anonymous_0)","decl":{"start":{"line":13,"column":7},"end":{"line":13,"column":15}},"loc":{"start":{"line":13,"column":23},"end":{"line":20,"column":9}},"line":13},"1":{"name":"(anonymous_1)","decl":{"start":{"line":27,"column":7},"end":{"line":27,"column":null}},"loc":{"start":{"line":28,"column":9},"end":{"line":28,"column":null}},"line":28},"2":{"name":"(anonymous_2)","decl":{"start":{"line":36,"column":7},"end":{"line":36,"column":15}},"loc":{"start":{"line":36,"column":23},"end":{"line":36,"column":37}},"line":36},"3":{"name":"(anonymous_3)","decl":{"start":{"line":44,"column":7},"end":{"line":44,"column":null}},"loc":{"start":{"line":45,"column":18},"end":{"line":45,"column":null}},"line":45},"4":{"name":"(anonymous_4)","decl":{"start":{"line":49,"column":3},"end":{"line":49,"column":11}},"loc":{"start":{"line":49,"column":20},"end":{"line":49,"column":60}},"line":49}},"branchMap":{"0":{"loc":{"start":{"line":14,"column":8},"end":{"line":14,"column":null}},"type":"if","locations":[{"start":{"line":14,"column":8},"end":{"line":14,"column":null}},{"start":{},"end":{}}],"line":14},"1":{"loc":{"start":{"line":17,"column":10},"end":{"line":18,"column":null}},"type":"binary-expr","locations":[{"start":{"line":17,"column":10},"end":{"line":17,"column":null}},{"start":{"line":18,"column":10},"end":{"line":18,"column":null}}],"line":17}},"s":{"0":2,"1":2,"2":22,"3":18,"4":4,"5":4,"6":22,"7":22,"8":22,"9":2},"f":{"0":22,"1":22,"2":22,"3":22,"4":2},"b":{"0":[18,4],"1":[4,2]},"meta":{"lastBranch":2,"lastFunction":5,"lastStatement":10,"seen":{"s:6:22:6:Infinity":0,"s:8:29:52:Infinity":1,"f:13:7:13:15":0,"b:14:8:14:Infinity:undefined:undefined:undefined:undefined":0,"s:14:8:14:Infinity":2,"s:14:30:14:Infinity":3,"s:15:26:15:Infinity":4,"s:16:8:18:Infinity":5,"b:17:10:17:Infinity:18:10:18:Infinity":1,"f:27:7:27:Infinity":1,"s:28:9:28:Infinity":6,"f:36:7:36:15":2,"s:36:23:36:37":7,"f:44:7:44:Infinity":3,"s:45:18:45:Infinity":8,"f:49:3:49:11":4,"s:49:20:49:60":9}}}
}
